# JRE version: OpenJDK Runtime Environment (8.0_112-b06) (build 1.8.0_112-release-b06)
# Java VM: OpenJDK 64-Bit Server VM (25.112-b06 mixed mode windows-amd64 compressed oops)
Heap:
 PSYoungGen      total 176128K, used 37075K [0x00000000e0000000, 0x00000000ec380000, 0x0000000100000000)
  eden space 158208K, 15% used [0x00000000e0000000,0x00000000e18a6c00,0x00000000e9a80000)
  from space 17920K, 66% used [0x00000000eb200000,0x00000000ebd8e078,0x00000000ec380000)
  to   space 20992K, 0% used [0x00000000e9a80000,0x00000000e9a80000,0x00000000eaf00000)
 ParOldGen       total 168960K, used 38056K [0x00000000a0000000, 0x00000000aa500000, 0x00000000e0000000)
  object space 168960K, 22% used [0x00000000a0000000,0x00000000a252a380,0x00000000aa500000)
 Metaspace       used 63059K, capacity 64930K, committed 65280K, reserved 1105920K
  class space    used 8269K, capacity 8652K, committed 8704K, reserved 1048576K
GC Heap History (10 events):
Event: 14.036 GC heap before
{Heap before GC invocations=11 (full 2):
 PSYoungGen      total 128512K, used 128192K [0x00000000e0000000, 0x00000000e9000000, 0x0000000100000000)
  eden space 118784K, 100% used [0x00000000e0000000,0x00000000e7400000,0x00000000e7400000)
  from space 9728K, 96% used [0x00000000e8680000,0x00000000e8fb02f8,0x00000000e9000000)
  to   space 12288K, 0% used [0x00000000e7800000,0x00000000e7800000,0x00000000e8400000)
 ParOldGen       total 109568K, used 17541K [0x00000000a0000000, 0x00000000a6b00000, 0x00000000e0000000)
  object space 109568K, 16% used [0x00000000a0000000,0x00000000a11214e0,0x00000000a6b00000)
 Metaspace       used 46332K, capacity 47746K, committed 47872K, reserved 1091584K
  class space    used 6251K, capacity 6580K, committed 6656K, reserved 1048576K
Event: 14.058 GC heap after
Heap after GC invocations=11 (full 2):
 PSYoungGen      total 135168K, used 12261K [0x00000000e0000000, 0x00000000ea800000, 0x0000000100000000)
  eden space 122880K, 0% used [0x00000000e0000000,0x00000000e0000000,0x00000000e7800000)
  from space 12288K, 99% used [0x00000000e7800000,0x00000000e83f95d0,0x00000000e8400000)
  to   space 15360K, 0% used [0x00000000e9900000,0x00000000e9900000,0x00000000ea800000)
 ParOldGen       total 109568K, used 21130K [0x00000000a0000000, 0x00000000a6b00000, 0x00000000e0000000)
  object space 109568K, 19% used [0x00000000a0000000,0x00000000a14a2908,0x00000000a6b00000)
 Metaspace       used 46332K, capacity 47746K, committed 47872K, reserved 1091584K
  class space    used 6251K, capacity 6580K, committed 6656K, reserved 1048576K
}
Event: 19.188 GC heap before
{Heap before GC invocations=12 (full 2):
 PSYoungGen      total 135168K, used 135141K [0x00000000e0000000, 0x00000000ea800000, 0x0000000100000000)
  eden space 122880K, 100% used [0x00000000e0000000,0x00000000e7800000,0x00000000e7800000)
  from space 12288K, 99% used [0x00000000e7800000,0x00000000e83f95d0,0x00000000e8400000)
  to   space 15360K, 0% used [0x00000000e9900000,0x00000000e9900000,0x00000000ea800000)
 ParOldGen       total 109568K, used 21130K [0x00000000a0000000, 0x00000000a6b00000, 0x00000000e0000000)
  object space 109568K, 19% used [0x00000000a0000000,0x00000000a14a2908,0x00000000a6b00000)
 Metaspace       used 55600K, capacity 57222K, committed 57472K, reserved 1099776K
  class space    used 7462K, capacity 7788K, committed 7808K, reserved 1048576K
Event: 19.213 GC heap after
Heap after GC invocations=12 (full 2):
 PSYoungGen      total 152064K, used 15343K [0x00000000e0000000, 0x00000000eb380000, 0x0000000100000000)
  eden space 136704K, 0% used [0x00000000e0000000,0x00000000e0000000,0x00000000e8580000)
  from space 15360K, 99% used [0x00000000e9900000,0x00000000ea7fbfa8,0x00000000ea800000)
  to   space 19968K, 0% used [0x00000000e8580000,0x00000000e8580000,0x00000000e9900000)
 ParOldGen       total 109568K, used 28550K [0x00000000a0000000, 0x00000000a6b00000, 0x00000000e0000000)
  object space 109568K, 26% used [0x00000000a0000000,0x00000000a1be1850,0x00000000a6b00000)
 Metaspace       used 55600K, capacity 57222K, committed 57472K, reserved 1099776K
  class space    used 7462K, capacity 7788K, committed 7808K, reserved 1048576K
}
Event: 21.423 GC heap before
{Heap before GC invocations=13 (full 2):
 PSYoungGen      total 152064K, used 52552K [0x00000000e0000000, 0x00000000eb380000, 0x0000000100000000)
  eden space 136704K, 27% used [0x00000000e0000000,0x00000000e2456350,0x00000000e8580000)
  from space 15360K, 99% used [0x00000000e9900000,0x00000000ea7fbfa8,0x00000000ea800000)
  to   space 19968K, 0% used [0x00000000e8580000,0x00000000e8580000,0x00000000e9900000)
 ParOldGen       total 109568K, used 28550K [0x00000000a0000000, 0x00000000a6b00000, 0x00000000e0000000)
  object space 109568K, 26% used [0x00000000a0000000,0x00000000a1be1850,0x00000000a6b00000)
 Metaspace       used 57340K, capacity 59022K, committed 59160K, reserved 1099776K
  class space    used 7654K, capacity 7984K, committed 8064K, reserved 1048576K
Event: 21.446 GC heap after
Heap after GC invocations=13 (full 2):
 PSYoungGen      total 156672K, used 17772K [0x00000000e0000000, 0x00000000ec700000, 0x0000000100000000)
  eden space 136704K, 0% used [0x00000000e0000000,0x00000000e0000000,0x00000000e8580000)
  from space 19968K, 89% used [0x00000000e8580000,0x00000000e96db368,0x00000000e9900000)
  to   space 21504K, 0% used [0x00000000eb200000,0x00000000eb200000,0x00000000ec700000)
 ParOldGen       total 109568K, used 28558K [0x00000000a0000000, 0x00000000a6b00000, 0x00000000e0000000)
  object space 109568K, 26% used [0x00000000a0000000,0x00000000a1be3850,0x00000000a6b00000)
 Metaspace       used 57340K, capacity 59022K, committed 59160K, reserved 1099776K
  class space    used 7654K, capacity 7984K, committed 8064K, reserved 1048576K
}
Event: 21.446 GC heap before
{Heap before GC invocations=14 (full 3):
 PSYoungGen      total 156672K, used 17772K [0x00000000e0000000, 0x00000000ec700000, 0x0000000100000000)
  eden space 136704K, 0% used [0x00000000e0000000,0x00000000e0000000,0x00000000e8580000)
  from space 19968K, 89% used [0x00000000e8580000,0x00000000e96db368,0x00000000e9900000)
  to   space 21504K, 0% used [0x00000000eb200000,0x00000000eb200000,0x00000000ec700000)
 ParOldGen       total 109568K, used 28558K [0x00000000a0000000, 0x00000000a6b00000, 0x00000000e0000000)
  object space 109568K, 26% used [0x00000000a0000000,0x00000000a1be3850,0x00000000a6b00000)
 Metaspace       used 57340K, capacity 59022K, committed 59160K, reserved 1099776K
  class space    used 7654K, capacity 7984K, committed 8064K, reserved 1048576K
Event: 21.686 GC heap after
Heap after GC invocations=14 (full 3):
 PSYoungGen      total 156672K, used 0K [0x00000000e0000000, 0x00000000ec700000, 0x0000000100000000)
  eden space 136704K, 0% used [0x00000000e0000000,0x00000000e0000000,0x00000000e8580000)
  from space 19968K, 0% used [0x00000000e8580000,0x00000000e8580000,0x00000000e9900000)
  to   space 21504K, 0% used [0x00000000eb200000,0x00000000eb200000,0x00000000ec700000)
 ParOldGen       total 168960K, used 38048K [0x00000000a0000000, 0x00000000aa500000, 0x00000000e0000000)
  object space 168960K, 22% used [0x00000000a0000000,0x00000000a2528380,0x00000000aa500000)
 Metaspace       used 57340K, capacity 59022K, committed 59160K, reserved 1099776K
  class space    used 7654K, capacity 7984K, committed 8064K, reserved 1048576K
}
Event: 28.759 GC heap before
{Heap before GC invocations=15 (full 3):
 PSYoungGen      total 156672K, used 136704K [0x00000000e0000000, 0x00000000ec700000, 0x0000000100000000)
  eden space 136704K, 100% used [0x00000000e0000000,0x00000000e8580000,0x00000000e8580000)
  from space 19968K, 0% used [0x00000000e8580000,0x00000000e8580000,0x00000000e9900000)
  to   space 21504K, 0% used [0x00000000eb200000,0x00000000eb200000,0x00000000ec700000)
 ParOldGen       total 168960K, used 38048K [0x00000000a0000000, 0x00000000aa500000, 0x00000000e0000000)
  object space 168960K, 22% used [0x00000000a0000000,0x00000000a2528380,0x00000000aa500000)
 Metaspace       used 61148K, capacity 62974K, committed 63104K, reserved 1103872K
  class space    used 8069K, capacity 8452K, committed 8576K, reserved 1048576K
Event: 28.778 GC heap after
Heap after GC invocations=15 (full 3):
 PSYoungGen      total 176128K, used 11832K [0x00000000e0000000, 0x00000000ec380000, 0x0000000100000000)
  eden space 158208K, 0% used [0x00000000e0000000,0x00000000e0000000,0x00000000e9a80000)
  from space 17920K, 66% used [0x00000000eb200000,0x00000000ebd8e078,0x00000000ec380000)
  to   space 20992K, 0% used [0x00000000e9a80000,0x00000000e9a80000,0x00000000eaf00000)
 ParOldGen       total 168960K, used 38056K [0x00000000a0000000, 0x00000000aa500000, 0x00000000e0000000)
  object space 168960K, 22% used [0x00000000a0000000,0x00000000a252a380,0x00000000aa500000)
 Metaspace       used 61148K, capacity 62974K, committed 63104K, reserved 1103872K
  class space    used 8069K, capacity 8452K, committed 8576K, reserved 1048576K
}

