# JRE version: OpenJDK Runtime Environment (8.0_112-b06) (build 1.8.0_112-release-b06)
# Java VM: OpenJDK 64-Bit Server VM (25.112-b06 mixed mode windows-amd64 compressed oops)
Heap:
 PSYoungGen      total 79360K, used 19793K [0x00000000e0000000, 0x00000000e5a00000, 0x0000000100000000)
  eden space 69632K, 14% used [0x00000000e0000000,0x00000000e0a29870,0x00000000e4400000)
  from space 9728K, 96% used [0x00000000e5080000,0x00000000e59aada0,0x00000000e5a00000)
  to   space 11264K, 0% used [0x00000000e4400000,0x00000000e4400000,0x00000000e4f00000)
 ParOldGen       total 68096K, used 9669K [0x00000000a0000000, 0x00000000a4280000, 0x00000000e0000000)
  object space 68096K, 14% used [0x00000000a0000000,0x00000000a0971560,0x00000000a4280000)
 Metaspace       used 34522K, capacity 35258K, committed 35456K, reserved 1079296K
  class space    used 4654K, capacity 4882K, committed 4992K, reserved 1048576K
GC Heap History (10 events):
Event: 12.369 GC heap before
{Heap before GC invocations=5 (full 1):
 PSYoungGen      total 38400K, used 5088K [0x00000000e0000000, 0x00000000e2a80000, 0x0000000100000000)
  eden space 33280K, 0% used [0x00000000e0000000,0x00000000e0000000,0x00000000e2080000)
  from space 5120K, 99% used [0x00000000e2580000,0x00000000e2a78020,0x00000000e2a80000)
  to   space 5120K, 0% used [0x00000000e2080000,0x00000000e2080000,0x00000000e2580000)
 ParOldGen       total 87552K, used 7821K [0x00000000a0000000, 0x00000000a5580000, 0x00000000e0000000)
  object space 87552K, 8% used [0x00000000a0000000,0x00000000a07a3738,0x00000000a5580000)
 Metaspace       used 20850K, capacity 21230K, committed 21296K, reserved 1067008K
  class space    used 2789K, capacity 2944K, committed 2944K, reserved 1048576K
Event: 12.451 GC heap after
Heap after GC invocations=5 (full 1):
 PSYoungGen      total 38400K, used 0K [0x00000000e0000000, 0x00000000e2a80000, 0x0000000100000000)
  eden space 33280K, 0% used [0x00000000e0000000,0x00000000e0000000,0x00000000e2080000)
  from space 5120K, 0% used [0x00000000e2580000,0x00000000e2580000,0x00000000e2a80000)
  to   space 5120K, 0% used [0x00000000e2080000,0x00000000e2080000,0x00000000e2580000)
 ParOldGen       total 68096K, used 9573K [0x00000000a0000000, 0x00000000a4280000, 0x00000000e0000000)
  object space 68096K, 14% used [0x00000000a0000000,0x00000000a0959550,0x00000000a4280000)
 Metaspace       used 20850K, capacity 21230K, committed 21296K, reserved 1067008K
  class space    used 2789K, capacity 2944K, committed 2944K, reserved 1048576K
}
Event: 13.816 GC heap before
{Heap before GC invocations=6 (full 1):
 PSYoungGen      total 38400K, used 33280K [0x00000000e0000000, 0x00000000e2a80000, 0x0000000100000000)
  eden space 33280K, 100% used [0x00000000e0000000,0x00000000e2080000,0x00000000e2080000)
  from space 5120K, 0% used [0x00000000e2580000,0x00000000e2580000,0x00000000e2a80000)
  to   space 5120K, 0% used [0x00000000e2080000,0x00000000e2080000,0x00000000e2580000)
 ParOldGen       total 68096K, used 9573K [0x00000000a0000000, 0x00000000a4280000, 0x00000000e0000000)
  object space 68096K, 14% used [0x00000000a0000000,0x00000000a0959550,0x00000000a4280000)
 Metaspace       used 23669K, capacity 24080K, committed 24448K, reserved 1071104K
  class space    used 3170K, capacity 3337K, committed 3456K, reserved 1048576K
Event: 13.824 GC heap after
Heap after GC invocations=6 (full 1):
 PSYoungGen      total 38400K, used 3509K [0x00000000e0000000, 0x00000000e4480000, 0x0000000100000000)
  eden space 33280K, 0% used [0x00000000e0000000,0x00000000e0000000,0x00000000e2080000)
  from space 5120K, 68% used [0x00000000e2080000,0x00000000e23ed5a0,0x00000000e2580000)
  to   space 11264K, 0% used [0x00000000e3980000,0x00000000e3980000,0x00000000e4480000)
 ParOldGen       total 68096K, used 9581K [0x00000000a0000000, 0x00000000a4280000, 0x00000000e0000000)
  object space 68096K, 14% used [0x00000000a0000000,0x00000000a095b550,0x00000000a4280000)
 Metaspace       used 23669K, capacity 24080K, committed 24448K, reserved 1071104K
  class space    used 3170K, capacity 3337K, committed 3456K, reserved 1048576K
}
Event: 14.872 GC heap before
{Heap before GC invocations=7 (full 1):
 PSYoungGen      total 38400K, used 36789K [0x00000000e0000000, 0x00000000e4480000, 0x0000000100000000)
  eden space 33280K, 100% used [0x00000000e0000000,0x00000000e2080000,0x00000000e2080000)
  from space 5120K, 68% used [0x00000000e2080000,0x00000000e23ed5a0,0x00000000e2580000)
  to   space 11264K, 0% used [0x00000000e3980000,0x00000000e3980000,0x00000000e4480000)
 ParOldGen       total 68096K, used 9581K [0x00000000a0000000, 0x00000000a4280000, 0x00000000e0000000)
  object space 68096K, 14% used [0x00000000a0000000,0x00000000a095b550,0x00000000a4280000)
 Metaspace       used 26522K, capacity 27044K, committed 27136K, reserved 1073152K
  class space    used 3652K, capacity 3782K, committed 3840K, reserved 1048576K
Event: 14.884 GC heap after
Heap after GC invocations=7 (full 1):
 PSYoungGen      total 59904K, used 6205K [0x00000000e0000000, 0x00000000e4500000, 0x0000000100000000)
  eden space 48640K, 0% used [0x00000000e0000000,0x00000000e0000000,0x00000000e2f80000)
  from space 11264K, 55% used [0x00000000e3980000,0x00000000e3f8f600,0x00000000e4480000)
  to   space 10240K, 0% used [0x00000000e2f80000,0x00000000e2f80000,0x00000000e3980000)
 ParOldGen       total 68096K, used 9589K [0x00000000a0000000, 0x00000000a4280000, 0x00000000e0000000)
  object space 68096K, 14% used [0x00000000a0000000,0x00000000a095d550,0x00000000a4280000)
 Metaspace       used 26522K, capacity 27044K, committed 27136K, reserved 1073152K
  class space    used 3652K, capacity 3782K, committed 3840K, reserved 1048576K
}
Event: 16.611 GC heap before
{Heap before GC invocations=8 (full 1):
 PSYoungGen      total 59904K, used 54845K [0x00000000e0000000, 0x00000000e4500000, 0x0000000100000000)
  eden space 48640K, 100% used [0x00000000e0000000,0x00000000e2f80000,0x00000000e2f80000)
  from space 11264K, 55% used [0x00000000e3980000,0x00000000e3f8f600,0x00000000e4480000)
  to   space 10240K, 0% used [0x00000000e2f80000,0x00000000e2f80000,0x00000000e3980000)
 ParOldGen       total 68096K, used 9589K [0x00000000a0000000, 0x00000000a4280000, 0x00000000e0000000)
  object space 68096K, 14% used [0x00000000a0000000,0x00000000a095d550,0x00000000a4280000)
 Metaspace       used 30006K, capacity 30676K, committed 30720K, reserved 1075200K
  class space    used 4100K, capacity 4310K, committed 4352K, reserved 1048576K
Event: 16.620 GC heap after
Heap after GC invocations=8 (full 1):
 PSYoungGen      total 58880K, used 7094K [0x00000000e0000000, 0x00000000e5a80000, 0x0000000100000000)
  eden space 48640K, 0% used [0x00000000e0000000,0x00000000e0000000,0x00000000e2f80000)
  from space 10240K, 69% used [0x00000000e2f80000,0x00000000e366d838,0x00000000e3980000)
  to   space 10240K, 0% used [0x00000000e5080000,0x00000000e5080000,0x00000000e5a80000)
 ParOldGen       total 68096K, used 9661K [0x00000000a0000000, 0x00000000a4280000, 0x00000000e0000000)
  object space 68096K, 14% used [0x00000000a0000000,0x00000000a096f560,0x00000000a4280000)
 Metaspace       used 30006K, capacity 30676K, committed 30720K, reserved 1075200K
  class space    used 4100K, capacity 4310K, committed 4352K, reserved 1048576K
}
Event: 24.205 GC heap before
{Heap before GC invocations=9 (full 1):
 PSYoungGen      total 58880K, used 55734K [0x00000000e0000000, 0x00000000e5a80000, 0x0000000100000000)
  eden space 48640K, 100% used [0x00000000e0000000,0x00000000e2f80000,0x00000000e2f80000)
  from space 10240K, 69% used [0x00000000e2f80000,0x00000000e366d838,0x00000000e3980000)
  to   space 10240K, 0% used [0x00000000e5080000,0x00000000e5080000,0x00000000e5a80000)
 ParOldGen       total 68096K, used 9661K [0x00000000a0000000, 0x00000000a4280000, 0x00000000e0000000)
  object space 68096K, 14% used [0x00000000a0000000,0x00000000a096f560,0x00000000a4280000)
 Metaspace       used 33215K, capacity 33902K, committed 34176K, reserved 1079296K
  class space    used 4490K, capacity 4706K, committed 4736K, reserved 1048576K
Event: 24.217 GC heap after
Heap after GC invocations=9 (full 1):
 PSYoungGen      total 79360K, used 9387K [0x00000000e0000000, 0x00000000e5a00000, 0x0000000100000000)
  eden space 69632K, 0% used [0x00000000e0000000,0x00000000e0000000,0x00000000e4400000)
  from space 9728K, 96% used [0x00000000e5080000,0x00000000e59aada0,0x00000000e5a00000)
  to   space 11264K, 0% used [0x00000000e4400000,0x00000000e4400000,0x00000000e4f00000)
 ParOldGen       total 68096K, used 9669K [0x00000000a0000000, 0x00000000a4280000, 0x00000000e0000000)
  object space 68096K, 14% used [0x00000000a0000000,0x00000000a0971560,0x00000000a4280000)
 Metaspace       used 33215K, capacity 33902K, committed 34176K, reserved 1079296K
  class space    used 4490K, capacity 4706K, committed 4736K, reserved 1048576K
}

