# JRE version: OpenJDK Runtime Environment (8.0_112-b06) (build 1.8.0_112-release-b06)
# Java VM: OpenJDK 64-Bit Server VM (25.112-b06 mixed mode windows-amd64 compressed oops)
Heap:
 PSYoungGen      total 122368K, used 95052K [0x00000000e0000000, 0x00000000e9e80000, 0x0000000100000000)
  eden space 110592K, 80% used [0x00000000e0000000,0x00000000e56a76c8,0x00000000e6c00000)
  from space 11776K, 53% used [0x00000000e6c00000,0x00000000e722ba60,0x00000000e7780000)
  to   space 11264K, 0% used [0x00000000e9380000,0x00000000e9380000,0x00000000e9e80000)
 ParOldGen       total 88576K, used 21047K [0x00000000a0000000, 0x00000000a5680000, 0x00000000e0000000)
  object space 88576K, 23% used [0x00000000a0000000,0x00000000a148dc00,0x00000000a5680000)
 Metaspace       used 49144K, capacity 50640K, committed 50816K, reserved 1093632K
  class space    used 6654K, capacity 6987K, committed 7040K, reserved 1048576K
GC Heap History (10 events):
Event: 18.447 GC heap before
{Heap before GC invocations=9 (full 1):
 PSYoungGen      total 62464K, used 58272K [0x00000000e0000000, 0x00000000e6200000, 0x0000000100000000)
  eden space 52224K, 100% used [0x00000000e0000000,0x00000000e3300000,0x00000000e3300000)
  from space 10240K, 59% used [0x00000000e3300000,0x00000000e38e82b8,0x00000000e3d00000)
  to   space 9728K, 0% used [0x00000000e5880000,0x00000000e5880000,0x00000000e6200000)
 ParOldGen       total 64000K, used 9231K [0x00000000a0000000, 0x00000000a3e80000, 0x00000000e0000000)
  object space 64000K, 14% used [0x00000000a0000000,0x00000000a0903e60,0x00000000a3e80000)
 Metaspace       used 34261K, capacity 34826K, committed 35072K, reserved 1079296K
  class space    used 4582K, capacity 4749K, committed 4864K, reserved 1048576K
Event: 18.459 GC heap after
Heap after GC invocations=9 (full 1):
 PSYoungGen      total 88576K, used 9727K [0x00000000e0000000, 0x00000000e6300000, 0x0000000100000000)
  eden space 78848K, 0% used [0x00000000e0000000,0x00000000e0000000,0x00000000e4d00000)
  from space 9728K, 99% used [0x00000000e5880000,0x00000000e61ffcb8,0x00000000e6200000)
  to   space 11264K, 0% used [0x00000000e4d00000,0x00000000e4d00000,0x00000000e5800000)
 ParOldGen       total 64000K, used 10009K [0x00000000a0000000, 0x00000000a3e80000, 0x00000000e0000000)
  object space 64000K, 15% used [0x00000000a0000000,0x00000000a09c6780,0x00000000a3e80000)
 Metaspace       used 34261K, capacity 34826K, committed 35072K, reserved 1079296K
  class space    used 4582K, capacity 4749K, committed 4864K, reserved 1048576K
}
Event: 18.748 GC heap before
{Heap before GC invocations=10 (full 1):
 PSYoungGen      total 88576K, used 39399K [0x00000000e0000000, 0x00000000e6300000, 0x0000000100000000)
  eden space 78848K, 37% used [0x00000000e0000000,0x00000000e1cf9fb8,0x00000000e4d00000)
  from space 9728K, 99% used [0x00000000e5880000,0x00000000e61ffcb8,0x00000000e6200000)
  to   space 11264K, 0% used [0x00000000e4d00000,0x00000000e4d00000,0x00000000e5800000)
 ParOldGen       total 64000K, used 10009K [0x00000000a0000000, 0x00000000a3e80000, 0x00000000e0000000)
  object space 64000K, 15% used [0x00000000a0000000,0x00000000a09c6780,0x00000000a3e80000)
 Metaspace       used 34796K, capacity 35306K, committed 35496K, reserved 1079296K
  class space    used 4634K, capacity 4781K, committed 4864K, reserved 1048576K
Event: 18.764 GC heap after
Heap after GC invocations=10 (full 1):
 PSYoungGen      total 90112K, used 4588K [0x00000000e0000000, 0x00000000e8480000, 0x0000000100000000)
  eden space 78848K, 0% used [0x00000000e0000000,0x00000000e0000000,0x00000000e4d00000)
  from space 11264K, 40% used [0x00000000e4d00000,0x00000000e517b3d8,0x00000000e5800000)
  to   space 11264K, 0% used [0x00000000e7980000,0x00000000e7980000,0x00000000e8480000)
 ParOldGen       total 64000K, used 13314K [0x00000000a0000000, 0x00000000a3e80000, 0x00000000e0000000)
  object space 64000K, 20% used [0x00000000a0000000,0x00000000a0d00ad0,0x00000000a3e80000)
 Metaspace       used 34796K, capacity 35306K, committed 35496K, reserved 1079296K
  class space    used 4634K, capacity 4781K, committed 4864K, reserved 1048576K
}
Event: 18.764 GC heap before
{Heap before GC invocations=11 (full 2):
 PSYoungGen      total 90112K, used 4588K [0x00000000e0000000, 0x00000000e8480000, 0x0000000100000000)
  eden space 78848K, 0% used [0x00000000e0000000,0x00000000e0000000,0x00000000e4d00000)
  from space 11264K, 40% used [0x00000000e4d00000,0x00000000e517b3d8,0x00000000e5800000)
  to   space 11264K, 0% used [0x00000000e7980000,0x00000000e7980000,0x00000000e8480000)
 ParOldGen       total 64000K, used 13314K [0x00000000a0000000, 0x00000000a3e80000, 0x00000000e0000000)
  object space 64000K, 20% used [0x00000000a0000000,0x00000000a0d00ad0,0x00000000a3e80000)
 Metaspace       used 34796K, capacity 35306K, committed 35496K, reserved 1079296K
  class space    used 4634K, capacity 4781K, committed 4864K, reserved 1048576K
Event: 18.871 GC heap after
Heap after GC invocations=11 (full 2):
 PSYoungGen      total 90112K, used 0K [0x00000000e0000000, 0x00000000e8480000, 0x0000000100000000)
  eden space 78848K, 0% used [0x00000000e0000000,0x00000000e0000000,0x00000000e4d00000)
  from space 11264K, 0% used [0x00000000e4d00000,0x00000000e4d00000,0x00000000e5800000)
  to   space 11264K, 0% used [0x00000000e7980000,0x00000000e7980000,0x00000000e8480000)
 ParOldGen       total 88576K, used 14230K [0x00000000a0000000, 0x00000000a5680000, 0x00000000e0000000)
  object space 88576K, 16% used [0x00000000a0000000,0x00000000a0de5a50,0x00000000a5680000)
 Metaspace       used 34796K, capacity 35306K, committed 35496K, reserved 1079296K
  class space    used 4634K, capacity 4781K, committed 4864K, reserved 1048576K
}
Event: 21.015 GC heap before
{Heap before GC invocations=12 (full 2):
 PSYoungGen      total 90112K, used 78848K [0x00000000e0000000, 0x00000000e8480000, 0x0000000100000000)
  eden space 78848K, 100% used [0x00000000e0000000,0x00000000e4d00000,0x00000000e4d00000)
  from space 11264K, 0% used [0x00000000e4d00000,0x00000000e4d00000,0x00000000e5800000)
  to   space 11264K, 0% used [0x00000000e7980000,0x00000000e7980000,0x00000000e8480000)
 ParOldGen       total 88576K, used 14230K [0x00000000a0000000, 0x00000000a5680000, 0x00000000e0000000)
  object space 88576K, 16% used [0x00000000a0000000,0x00000000a0de5a50,0x00000000a5680000)
 Metaspace       used 40446K, capacity 41264K, committed 41472K, reserved 1085440K
  class space    used 5441K, capacity 5629K, committed 5632K, reserved 1048576K
Event: 21.027 GC heap after
Heap after GC invocations=12 (full 2):
 PSYoungGen      total 115712K, used 9511K [0x00000000e0000000, 0x00000000e8300000, 0x0000000100000000)
  eden space 105984K, 0% used [0x00000000e0000000,0x00000000e0000000,0x00000000e6780000)
  from space 9728K, 97% used [0x00000000e7980000,0x00000000e82c9d60,0x00000000e8300000)
  to   space 11776K, 0% used [0x00000000e6c00000,0x00000000e6c00000,0x00000000e7780000)
 ParOldGen       total 88576K, used 14238K [0x00000000a0000000, 0x00000000a5680000, 0x00000000e0000000)
  object space 88576K, 16% used [0x00000000a0000000,0x00000000a0de7a50,0x00000000a5680000)
 Metaspace       used 40446K, capacity 41264K, committed 41472K, reserved 1085440K
  class space    used 5441K, capacity 5629K, committed 5632K, reserved 1048576K
}
Event: 23.370 GC heap before
{Heap before GC invocations=13 (full 2):
 PSYoungGen      total 115712K, used 115495K [0x00000000e0000000, 0x00000000e8300000, 0x0000000100000000)
  eden space 105984K, 100% used [0x00000000e0000000,0x00000000e6780000,0x00000000e6780000)
  from space 9728K, 97% used [0x00000000e7980000,0x00000000e82c9d60,0x00000000e8300000)
  to   space 11776K, 0% used [0x00000000e6c00000,0x00000000e6c00000,0x00000000e7780000)
 ParOldGen       total 88576K, used 14238K [0x00000000a0000000, 0x00000000a5680000, 0x00000000e0000000)
  object space 88576K, 16% used [0x00000000a0000000,0x00000000a0de7a50,0x00000000a5680000)
 Metaspace       used 44769K, capacity 45712K, committed 45952K, reserved 1089536K
  class space    used 5953K, capacity 6171K, committed 6272K, reserved 1048576K
Event: 23.384 GC heap after
Heap after GC invocations=13 (full 2):
 PSYoungGen      total 122368K, used 6318K [0x00000000e0000000, 0x00000000e9e80000, 0x0000000100000000)
  eden space 110592K, 0% used [0x00000000e0000000,0x00000000e0000000,0x00000000e6c00000)
  from space 11776K, 53% used [0x00000000e6c00000,0x00000000e722ba60,0x00000000e7780000)
  to   space 11264K, 0% used [0x00000000e9380000,0x00000000e9380000,0x00000000e9e80000)
 ParOldGen       total 88576K, used 21047K [0x00000000a0000000, 0x00000000a5680000, 0x00000000e0000000)
  object space 88576K, 23% used [0x00000000a0000000,0x00000000a148dc00,0x00000000a5680000)
 Metaspace       used 44769K, capacity 45712K, committed 45952K, reserved 1089536K
  class space    used 5953K, capacity 6171K, committed 6272K, reserved 1048576K
}

