# JRE version: OpenJDK Runtime Environment (8.0_112-b06) (build 1.8.0_112-release-b06)
# Java VM: OpenJDK 64-Bit Server VM (25.112-b06 mixed mode windows-amd64 compressed oops)
Heap:
 PSYoungGen      total 125952K, used 28730K [0x00000000e0000000, 0x00000000e9200000, 0x0000000100000000)
  eden space 113152K, 14% used [0x00000000e0000000,0x00000000e0f956f8,0x00000000e6e80000)
  from space 12800K, 99% used [0x00000000e7e00000,0x00000000e8a79370,0x00000000e8a80000)
  to   space 15872K, 0% used [0x00000000e6e80000,0x00000000e6e80000,0x00000000e7e00000)
 ParOldGen       total 91648K, used 19316K [0x00000000a0000000, 0x00000000a5980000, 0x00000000e0000000)
  object space 91648K, 21% used [0x00000000a0000000,0x00000000a12dd1b8,0x00000000a5980000)
 Metaspace       used 49558K, capacity 51060K, committed 51328K, reserved 1093632K
  class space    used 6713K, capacity 7008K, committed 7040K, reserved 1048576K
GC Heap History (10 events):
Event: 19.270 GC heap before
{Heap before GC invocations=10 (full 1):
 PSYoungGen      total 80896K, used 44342K [0x00000000e0000000, 0x00000000e5c80000, 0x0000000100000000)
  eden space 71168K, 48% used [0x00000000e0000000,0x00000000e21ce830,0x00000000e4580000)
  from space 9728K, 99% used [0x00000000e5080000,0x00000000e59ff238,0x00000000e5a00000)
  to   space 11264K, 0% used [0x00000000e4580000,0x00000000e4580000,0x00000000e5080000)
 ParOldGen       total 63488K, used 9347K [0x00000000a0000000, 0x00000000a3e00000, 0x00000000e0000000)
  object space 63488K, 14% used [0x00000000a0000000,0x00000000a0920d28,0x00000000a3e00000)
 Metaspace       used 34759K, capacity 35306K, committed 35496K, reserved 1079296K
  class space    used 4624K, capacity 4781K, committed 4864K, reserved 1048576K
Event: 19.302 GC heap after
Heap after GC invocations=10 (full 1):
 PSYoungGen      total 82432K, used 7986K [0x00000000e0000000, 0x00000000e7600000, 0x0000000100000000)
  eden space 71168K, 0% used [0x00000000e0000000,0x00000000e0000000,0x00000000e4580000)
  from space 11264K, 70% used [0x00000000e4580000,0x00000000e4d4c888,0x00000000e5080000)
  to   space 11264K, 0% used [0x00000000e6b00000,0x00000000e6b00000,0x00000000e7600000)
 ParOldGen       total 63488K, used 9355K [0x00000000a0000000, 0x00000000a3e00000, 0x00000000e0000000)
  object space 63488K, 14% used [0x00000000a0000000,0x00000000a0922d28,0x00000000a3e00000)
 Metaspace       used 34759K, capacity 35306K, committed 35496K, reserved 1079296K
  class space    used 4624K, capacity 4781K, committed 4864K, reserved 1048576K
}
Event: 19.303 GC heap before
{Heap before GC invocations=11 (full 2):
 PSYoungGen      total 82432K, used 7986K [0x00000000e0000000, 0x00000000e7600000, 0x0000000100000000)
  eden space 71168K, 0% used [0x00000000e0000000,0x00000000e0000000,0x00000000e4580000)
  from space 11264K, 70% used [0x00000000e4580000,0x00000000e4d4c888,0x00000000e5080000)
  to   space 11264K, 0% used [0x00000000e6b00000,0x00000000e6b00000,0x00000000e7600000)
 ParOldGen       total 63488K, used 9355K [0x00000000a0000000, 0x00000000a3e00000, 0x00000000e0000000)
  object space 63488K, 14% used [0x00000000a0000000,0x00000000a0922d28,0x00000000a3e00000)
 Metaspace       used 34759K, capacity 35306K, committed 35496K, reserved 1079296K
  class space    used 4624K, capacity 4781K, committed 4864K, reserved 1048576K
Event: 19.551 GC heap after
Heap after GC invocations=11 (full 2):
 PSYoungGen      total 82432K, used 0K [0x00000000e0000000, 0x00000000e7600000, 0x0000000100000000)
  eden space 71168K, 0% used [0x00000000e0000000,0x00000000e0000000,0x00000000e4580000)
  from space 11264K, 0% used [0x00000000e4580000,0x00000000e4580000,0x00000000e5080000)
  to   space 11264K, 0% used [0x00000000e6b00000,0x00000000e6b00000,0x00000000e7600000)
 ParOldGen       total 91648K, used 14334K [0x00000000a0000000, 0x00000000a5980000, 0x00000000e0000000)
  object space 91648K, 15% used [0x00000000a0000000,0x00000000a0dffab8,0x00000000a5980000)
 Metaspace       used 34759K, capacity 35306K, committed 35496K, reserved 1079296K
  class space    used 4624K, capacity 4781K, committed 4864K, reserved 1048576K
}
Event: 22.429 GC heap before
{Heap before GC invocations=12 (full 2):
 PSYoungGen      total 82432K, used 71168K [0x00000000e0000000, 0x00000000e7600000, 0x0000000100000000)
  eden space 71168K, 100% used [0x00000000e0000000,0x00000000e4580000,0x00000000e4580000)
  from space 11264K, 0% used [0x00000000e4580000,0x00000000e4580000,0x00000000e5080000)
  to   space 11264K, 0% used [0x00000000e6b00000,0x00000000e6b00000,0x00000000e7600000)
 ParOldGen       total 91648K, used 14334K [0x00000000a0000000, 0x00000000a5980000, 0x00000000e0000000)
  object space 91648K, 15% used [0x00000000a0000000,0x00000000a0dffab8,0x00000000a5980000)
 Metaspace       used 38602K, capacity 39344K, committed 39680K, reserved 1083392K
  class space    used 5152K, capacity 5324K, committed 5376K, reserved 1048576K
Event: 22.466 GC heap after
Heap after GC invocations=12 (full 2):
 PSYoungGen      total 101376K, used 8955K [0x00000000e0000000, 0x00000000e7400000, 0x0000000100000000)
  eden space 92160K, 0% used [0x00000000e0000000,0x00000000e0000000,0x00000000e5a00000)
  from space 9216K, 97% used [0x00000000e6b00000,0x00000000e73bedf0,0x00000000e7400000)
  to   space 11776K, 0% used [0x00000000e5d00000,0x00000000e5d00000,0x00000000e6880000)
 ParOldGen       total 91648K, used 14342K [0x00000000a0000000, 0x00000000a5980000, 0x00000000e0000000)
  object space 91648K, 15% used [0x00000000a0000000,0x00000000a0e01ab8,0x00000000a5980000)
 Metaspace       used 38602K, capacity 39344K, committed 39680K, reserved 1083392K
  class space    used 5152K, capacity 5324K, committed 5376K, reserved 1048576K
}
Event: 25.967 GC heap before
{Heap before GC invocations=13 (full 2):
 PSYoungGen      total 101376K, used 101115K [0x00000000e0000000, 0x00000000e7400000, 0x0000000100000000)
  eden space 92160K, 100% used [0x00000000e0000000,0x00000000e5a00000,0x00000000e5a00000)
  from space 9216K, 97% used [0x00000000e6b00000,0x00000000e73bedf0,0x00000000e7400000)
  to   space 11776K, 0% used [0x00000000e5d00000,0x00000000e5d00000,0x00000000e6880000)
 ParOldGen       total 91648K, used 14342K [0x00000000a0000000, 0x00000000a5980000, 0x00000000e0000000)
  object space 91648K, 15% used [0x00000000a0000000,0x00000000a0e01ab8,0x00000000a5980000)
 Metaspace       used 43560K, capacity 44486K, committed 44672K, reserved 1087488K
  class space    used 5783K, capacity 5999K, committed 6016K, reserved 1048576K
Event: 25.981 GC heap after
Heap after GC invocations=13 (full 2):
 PSYoungGen      total 107008K, used 11610K [0x00000000e0000000, 0x00000000e8a80000, 0x0000000100000000)
  eden space 95232K, 0% used [0x00000000e0000000,0x00000000e0000000,0x00000000e5d00000)
  from space 11776K, 98% used [0x00000000e5d00000,0x00000000e6856900,0x00000000e6880000)
  to   space 12800K, 0% used [0x00000000e7e00000,0x00000000e7e00000,0x00000000e8a80000)
 ParOldGen       total 91648K, used 14350K [0x00000000a0000000, 0x00000000a5980000, 0x00000000e0000000)
  object space 91648K, 15% used [0x00000000a0000000,0x00000000a0e03ab8,0x00000000a5980000)
 Metaspace       used 43560K, capacity 44486K, committed 44672K, reserved 1087488K
  class space    used 5783K, capacity 5999K, committed 6016K, reserved 1048576K
}
Event: 30.788 GC heap before
{Heap before GC invocations=14 (full 2):
 PSYoungGen      total 107008K, used 106842K [0x00000000e0000000, 0x00000000e8a80000, 0x0000000100000000)
  eden space 95232K, 100% used [0x00000000e0000000,0x00000000e5d00000,0x00000000e5d00000)
  from space 11776K, 98% used [0x00000000e5d00000,0x00000000e6856900,0x00000000e6880000)
  to   space 12800K, 0% used [0x00000000e7e00000,0x00000000e7e00000,0x00000000e8a80000)
 ParOldGen       total 91648K, used 14350K [0x00000000a0000000, 0x00000000a5980000, 0x00000000e0000000)
  object space 91648K, 15% used [0x00000000a0000000,0x00000000a0e03ab8,0x00000000a5980000)
 Metaspace       used 48326K, capacity 49828K, committed 49920K, reserved 1091584K
  class space    used 6527K, capacity 6872K, committed 6912K, reserved 1048576K
Event: 30.814 GC heap after
Heap after GC invocations=14 (full 2):
 PSYoungGen      total 125952K, used 12772K [0x00000000e0000000, 0x00000000e9200000, 0x0000000100000000)
  eden space 113152K, 0% used [0x00000000e0000000,0x00000000e0000000,0x00000000e6e80000)
  from space 12800K, 99% used [0x00000000e7e00000,0x00000000e8a79370,0x00000000e8a80000)
  to   space 15872K, 0% used [0x00000000e6e80000,0x00000000e6e80000,0x00000000e7e00000)
 ParOldGen       total 91648K, used 19316K [0x00000000a0000000, 0x00000000a5980000, 0x00000000e0000000)
  object space 91648K, 21% used [0x00000000a0000000,0x00000000a12dd1b8,0x00000000a5980000)
 Metaspace       used 48326K, capacity 49828K, committed 49920K, reserved 1091584K
  class space    used 6527K, capacity 6872K, committed 6912K, reserved 1048576K
}

