# JRE version: OpenJDK Runtime Environment (8.0_112-b06) (build 1.8.0_112-release-b06)
# Java VM: OpenJDK 64-Bit Server VM (25.112-b06 mixed mode windows-amd64 compressed oops)
Heap:
 PSYoungGen      total 171008K, used 25418K [0x00000000e0000000, 0x00000000edc80000, 0x0000000100000000)
  eden space 148480K, 17% used [0x00000000e0000000,0x00000000e18d28c0,0x00000000e9100000)
  from space 22528K, 0% used [0x00000000ead00000,0x00000000ead00000,0x00000000ec300000)
  to   space 28672K, 0% used [0x00000000e9100000,0x00000000e9100000,0x00000000ead00000)
 ParOldGen       total 176640K, used 46404K [0x00000000a0000000, 0x00000000aac80000, 0x00000000e0000000)
  object space 176640K, 26% used [0x00000000a0000000,0x00000000a2d51398,0x00000000aac80000)
 Metaspace       used 58224K, capacity 59954K, committed 60160K, reserved 1101824K
  class space    used 7699K, capacity 8066K, committed 8192K, reserved 1048576K
GC Heap History (10 events):
Event: 10.767 GC heap before
{Heap before GC invocations=11 (full 2):
 PSYoungGen      total 126464K, used 125558K [0x00000000e0000000, 0x00000000e8980000, 0x0000000100000000)
  eden space 116224K, 100% used [0x00000000e0000000,0x00000000e7180000,0x00000000e7180000)
  from space 10240K, 91% used [0x00000000e7f80000,0x00000000e889d8a8,0x00000000e8980000)
  to   space 12288K, 0% used [0x00000000e7180000,0x00000000e7180000,0x00000000e7d80000)
 ParOldGen       total 113152K, used 17558K [0x00000000a0000000, 0x00000000a6e80000, 0x00000000e0000000)
  object space 113152K, 15% used [0x00000000a0000000,0x00000000a1125aa0,0x00000000a6e80000)
 Metaspace       used 45684K, capacity 46826K, committed 46976K, reserved 1089536K
  class space    used 6149K, capacity 6410K, committed 6528K, reserved 1048576K
Event: 10.793 GC heap after
Heap after GC invocations=11 (full 2):
 PSYoungGen      total 128512K, used 12281K [0x00000000e0000000, 0x00000000ea500000, 0x0000000100000000)
  eden space 116224K, 0% used [0x00000000e0000000,0x00000000e0000000,0x00000000e7180000)
  from space 12288K, 99% used [0x00000000e7180000,0x00000000e7d7e788,0x00000000e7d80000)
  to   space 14848K, 0% used [0x00000000e9680000,0x00000000e9680000,0x00000000ea500000)
 ParOldGen       total 113152K, used 19903K [0x00000000a0000000, 0x00000000a6e80000, 0x00000000e0000000)
  object space 113152K, 17% used [0x00000000a0000000,0x00000000a136ffa8,0x00000000a6e80000)
 Metaspace       used 45684K, capacity 46826K, committed 46976K, reserved 1089536K
  class space    used 6149K, capacity 6410K, committed 6528K, reserved 1048576K
}
Event: 13.981 GC heap before
{Heap before GC invocations=12 (full 2):
 PSYoungGen      total 128512K, used 128505K [0x00000000e0000000, 0x00000000ea500000, 0x0000000100000000)
  eden space 116224K, 100% used [0x00000000e0000000,0x00000000e7180000,0x00000000e7180000)
  from space 12288K, 99% used [0x00000000e7180000,0x00000000e7d7e788,0x00000000e7d80000)
  to   space 14848K, 0% used [0x00000000e9680000,0x00000000e9680000,0x00000000ea500000)
 ParOldGen       total 113152K, used 19903K [0x00000000a0000000, 0x00000000a6e80000, 0x00000000e0000000)
  object space 113152K, 17% used [0x00000000a0000000,0x00000000a136ffa8,0x00000000a6e80000)
 Metaspace       used 51234K, capacity 52710K, committed 52864K, reserved 1095680K
  class space    used 6882K, capacity 7200K, committed 7296K, reserved 1048576K
Event: 14.010 GC heap after
Heap after GC invocations=12 (full 2):
 PSYoungGen      total 148480K, used 14841K [0x00000000e0000000, 0x00000000eae80000, 0x0000000100000000)
  eden space 133632K, 0% used [0x00000000e0000000,0x00000000e0000000,0x00000000e8280000)
  from space 14848K, 99% used [0x00000000e9680000,0x00000000ea4fe568,0x00000000ea500000)
  to   space 20480K, 0% used [0x00000000e8280000,0x00000000e8280000,0x00000000e9680000)
 ParOldGen       total 113152K, used 30456K [0x00000000a0000000, 0x00000000a6e80000, 0x00000000e0000000)
  object space 113152K, 26% used [0x00000000a0000000,0x00000000a1dbe168,0x00000000a6e80000)
 Metaspace       used 51234K, capacity 52710K, committed 52864K, reserved 1095680K
  class space    used 6882K, capacity 7200K, committed 7296K, reserved 1048576K
}
Event: 22.570 GC heap before
{Heap before GC invocations=13 (full 2):
 PSYoungGen      total 148480K, used 148473K [0x00000000e0000000, 0x00000000eae80000, 0x0000000100000000)
  eden space 133632K, 100% used [0x00000000e0000000,0x00000000e8280000,0x00000000e8280000)
  from space 14848K, 99% used [0x00000000e9680000,0x00000000ea4fe568,0x00000000ea500000)
  to   space 20480K, 0% used [0x00000000e8280000,0x00000000e8280000,0x00000000e9680000)
 ParOldGen       total 113152K, used 30456K [0x00000000a0000000, 0x00000000a6e80000, 0x00000000e0000000)
  object space 113152K, 26% used [0x00000000a0000000,0x00000000a1dbe168,0x00000000a6e80000)
 Metaspace       used 56675K, capacity 58374K, committed 58624K, reserved 1099776K
  class space    used 7569K, capacity 7904K, committed 7936K, reserved 1048576K
Event: 22.596 GC heap after
Heap after GC invocations=13 (full 2):
 PSYoungGen      total 154112K, used 19290K [0x00000000e0000000, 0x00000000ec300000, 0x0000000100000000)
  eden space 133632K, 0% used [0x00000000e0000000,0x00000000e0000000,0x00000000e8280000)
  from space 20480K, 94% used [0x00000000e8280000,0x00000000e9556aa0,0x00000000e9680000)
  to   space 22528K, 0% used [0x00000000ead00000,0x00000000ead00000,0x00000000ec300000)
 ParOldGen       total 113152K, used 30464K [0x00000000a0000000, 0x00000000a6e80000, 0x00000000e0000000)
  object space 113152K, 26% used [0x00000000a0000000,0x00000000a1dc0168,0x00000000a6e80000)
 Metaspace       used 56675K, capacity 58374K, committed 58624K, reserved 1099776K
  class space    used 7569K, capacity 7904K, committed 7936K, reserved 1048576K
}
Event: 23.212 GC heap before
{Heap before GC invocations=14 (full 2):
 PSYoungGen      total 154112K, used 63568K [0x00000000e0000000, 0x00000000ec300000, 0x0000000100000000)
  eden space 133632K, 33% used [0x00000000e0000000,0x00000000e2b3d750,0x00000000e8280000)
  from space 20480K, 94% used [0x00000000e8280000,0x00000000e9556aa0,0x00000000e9680000)
  to   space 22528K, 0% used [0x00000000ead00000,0x00000000ead00000,0x00000000ec300000)
 ParOldGen       total 113152K, used 30464K [0x00000000a0000000, 0x00000000a6e80000, 0x00000000e0000000)
  object space 113152K, 26% used [0x00000000a0000000,0x00000000a1dc0168,0x00000000a6e80000)
 Metaspace       used 57325K, capacity 58982K, committed 59136K, reserved 1099776K
  class space    used 7609K, capacity 7936K, committed 7936K, reserved 1048576K
Event: 23.248 GC heap after
Heap after GC invocations=14 (full 2):
 PSYoungGen      total 171008K, used 22499K [0x00000000e0000000, 0x00000000edc80000, 0x0000000100000000)
  eden space 148480K, 0% used [0x00000000e0000000,0x00000000e0000000,0x00000000e9100000)
  from space 22528K, 99% used [0x00000000ead00000,0x00000000ec2f8ef0,0x00000000ec300000)
  to   space 28672K, 0% used [0x00000000e9100000,0x00000000e9100000,0x00000000ead00000)
 ParOldGen       total 113152K, used 38226K [0x00000000a0000000, 0x00000000a6e80000, 0x00000000e0000000)
  object space 113152K, 33% used [0x00000000a0000000,0x00000000a2554a38,0x00000000a6e80000)
 Metaspace       used 57325K, capacity 58982K, committed 59136K, reserved 1099776K
  class space    used 7609K, capacity 7936K, committed 7936K, reserved 1048576K
}
Event: 23.248 GC heap before
{Heap before GC invocations=15 (full 3):
 PSYoungGen      total 171008K, used 22499K [0x00000000e0000000, 0x00000000edc80000, 0x0000000100000000)
  eden space 148480K, 0% used [0x00000000e0000000,0x00000000e0000000,0x00000000e9100000)
  from space 22528K, 99% used [0x00000000ead00000,0x00000000ec2f8ef0,0x00000000ec300000)
  to   space 28672K, 0% used [0x00000000e9100000,0x00000000e9100000,0x00000000ead00000)
 ParOldGen       total 113152K, used 38226K [0x00000000a0000000, 0x00000000a6e80000, 0x00000000e0000000)
  object space 113152K, 33% used [0x00000000a0000000,0x00000000a2554a38,0x00000000a6e80000)
 Metaspace       used 57325K, capacity 58982K, committed 59136K, reserved 1099776K
  class space    used 7609K, capacity 7936K, committed 7936K, reserved 1048576K
Event: 23.574 GC heap after
Heap after GC invocations=15 (full 3):
 PSYoungGen      total 171008K, used 0K [0x00000000e0000000, 0x00000000edc80000, 0x0000000100000000)
  eden space 148480K, 0% used [0x00000000e0000000,0x00000000e0000000,0x00000000e9100000)
  from space 22528K, 0% used [0x00000000ead00000,0x00000000ead00000,0x00000000ec300000)
  to   space 28672K, 0% used [0x00000000e9100000,0x00000000e9100000,0x00000000ead00000)
 ParOldGen       total 176640K, used 46404K [0x00000000a0000000, 0x00000000aac80000, 0x00000000e0000000)
  object space 176640K, 26% used [0x00000000a0000000,0x00000000a2d51398,0x00000000aac80000)
 Metaspace       used 57323K, capacity 58976K, committed 59136K, reserved 1099776K
  class space    used 7608K, capacity 7935K, committed 7936K, reserved 1048576K
}

