# JRE version: OpenJDK Runtime Environment (8.0_112-b06) (build 1.8.0_112-release-b06)
# Java VM: OpenJDK 64-Bit Server VM (25.112-b06 mixed mode windows-amd64 compressed oops)
Heap:
 PSYoungGen      total 124416K, used 79832K [0x00000000e0000000, 0x00000000eb580000, 0x0000000100000000)
  eden space 109568K, 59% used [0x00000000e0000000,0x00000000e3f79be8,0x00000000e6b00000)
  from space 14848K, 99% used [0x00000000e6b00000,0x00000000e797c6e0,0x00000000e7980000)
  to   space 22016K, 0% used [0x00000000ea000000,0x00000000ea000000,0x00000000eb580000)
 ParOldGen       total 98304K, used 31649K [0x00000000a0000000, 0x00000000a6000000, 0x00000000e0000000)
  object space 98304K, 32% used [0x00000000a0000000,0x00000000a1ee8570,0x00000000a6000000)
 Metaspace       used 56857K, capacity 58402K, committed 58624K, reserved 1099776K
  class space    used 7498K, capacity 7863K, committed 7936K, reserved 1048576K
GC Heap History (10 events):
Event: 15.263 GC heap before
{Heap before GC invocations=11 (full 2):
 PSYoungGen      total 74240K, used 8820K [0x00000000e0000000, 0x00000000e6980000, 0x0000000100000000)
  eden space 63488K, 0% used [0x00000000e0000000,0x00000000e0000000,0x00000000e3e00000)
  from space 10752K, 82% used [0x00000000e3e00000,0x00000000e469d350,0x00000000e4880000)
  to   space 11264K, 0% used [0x00000000e5e80000,0x00000000e5e80000,0x00000000e6980000)
 ParOldGen       total 68096K, used 9438K [0x00000000a0000000, 0x00000000a4280000, 0x00000000e0000000)
  object space 68096K, 13% used [0x00000000a0000000,0x00000000a09379b8,0x00000000a4280000)
 Metaspace       used 34766K, capacity 35292K, committed 35496K, reserved 1079296K
  class space    used 4632K, capacity 4776K, committed 4864K, reserved 1048576K
Event: 15.413 GC heap after
Heap after GC invocations=11 (full 2):
 PSYoungGen      total 74240K, used 0K [0x00000000e0000000, 0x00000000e6980000, 0x0000000100000000)
  eden space 63488K, 0% used [0x00000000e0000000,0x00000000e0000000,0x00000000e3e00000)
  from space 10752K, 0% used [0x00000000e3e00000,0x00000000e3e00000,0x00000000e4880000)
  to   space 11264K, 0% used [0x00000000e5e80000,0x00000000e5e80000,0x00000000e6980000)
 ParOldGen       total 98304K, used 15069K [0x00000000a0000000, 0x00000000a6000000, 0x00000000e0000000)
  object space 98304K, 15% used [0x00000000a0000000,0x00000000a0eb7490,0x00000000a6000000)
 Metaspace       used 34766K, capacity 35292K, committed 35496K, reserved 1079296K
  class space    used 4632K, capacity 4776K, committed 4864K, reserved 1048576K
}
Event: 17.002 GC heap before
{Heap before GC invocations=12 (full 2):
 PSYoungGen      total 74240K, used 63488K [0x00000000e0000000, 0x00000000e6980000, 0x0000000100000000)
  eden space 63488K, 100% used [0x00000000e0000000,0x00000000e3e00000,0x00000000e3e00000)
  from space 10752K, 0% used [0x00000000e3e00000,0x00000000e3e00000,0x00000000e4880000)
  to   space 11264K, 0% used [0x00000000e5e80000,0x00000000e5e80000,0x00000000e6980000)
 ParOldGen       total 98304K, used 15069K [0x00000000a0000000, 0x00000000a6000000, 0x00000000e0000000)
  object space 98304K, 15% used [0x00000000a0000000,0x00000000a0eb7490,0x00000000a6000000)
 Metaspace       used 37858K, capacity 38634K, committed 38784K, reserved 1083392K
  class space    used 5030K, capacity 5218K, committed 5248K, reserved 1048576K
Event: 17.044 GC heap after
Heap after GC invocations=12 (full 2):
 PSYoungGen      total 95744K, used 8016K [0x00000000e0000000, 0x00000000e6900000, 0x0000000100000000)
  eden space 84992K, 0% used [0x00000000e0000000,0x00000000e0000000,0x00000000e5300000)
  from space 10752K, 74% used [0x00000000e5e80000,0x00000000e66542a0,0x00000000e6900000)
  to   space 11264K, 0% used [0x00000000e5300000,0x00000000e5300000,0x00000000e5e00000)
 ParOldGen       total 98304K, used 15077K [0x00000000a0000000, 0x00000000a6000000, 0x00000000e0000000)
  object space 98304K, 15% used [0x00000000a0000000,0x00000000a0eb9490,0x00000000a6000000)
 Metaspace       used 37858K, capacity 38634K, committed 38784K, reserved 1083392K
  class space    used 5030K, capacity 5218K, committed 5248K, reserved 1048576K
}
Event: 19.743 GC heap before
{Heap before GC invocations=13 (full 2):
 PSYoungGen      total 95744K, used 93008K [0x00000000e0000000, 0x00000000e6900000, 0x0000000100000000)
  eden space 84992K, 100% used [0x00000000e0000000,0x00000000e5300000,0x00000000e5300000)
  from space 10752K, 74% used [0x00000000e5e80000,0x00000000e66542a0,0x00000000e6900000)
  to   space 11264K, 0% used [0x00000000e5300000,0x00000000e5300000,0x00000000e5e00000)
 ParOldGen       total 98304K, used 15077K [0x00000000a0000000, 0x00000000a6000000, 0x00000000e0000000)
  object space 98304K, 15% used [0x00000000a0000000,0x00000000a0eb9490,0x00000000a6000000)
 Metaspace       used 43141K, capacity 44060K, committed 44160K, reserved 1087488K
  class space    used 5734K, capacity 5946K, committed 6016K, reserved 1048576K
Event: 19.769 GC heap after
Heap after GC invocations=13 (full 2):
 PSYoungGen      total 96256K, used 11238K [0x00000000e0000000, 0x00000000e8600000, 0x0000000100000000)
  eden space 84992K, 0% used [0x00000000e0000000,0x00000000e0000000,0x00000000e5300000)
  from space 11264K, 99% used [0x00000000e5300000,0x00000000e5df98c0,0x00000000e5e00000)
  to   space 12800K, 0% used [0x00000000e7980000,0x00000000e7980000,0x00000000e8600000)
 ParOldGen       total 98304K, used 15354K [0x00000000a0000000, 0x00000000a6000000, 0x00000000e0000000)
  object space 98304K, 15% used [0x00000000a0000000,0x00000000a0efebb0,0x00000000a6000000)
 Metaspace       used 43141K, capacity 44060K, committed 44160K, reserved 1087488K
  class space    used 5734K, capacity 5946K, committed 6016K, reserved 1048576K
}
Event: 22.648 GC heap before
{Heap before GC invocations=14 (full 2):
 PSYoungGen      total 96256K, used 96230K [0x00000000e0000000, 0x00000000e8600000, 0x0000000100000000)
  eden space 84992K, 100% used [0x00000000e0000000,0x00000000e5300000,0x00000000e5300000)
  from space 11264K, 99% used [0x00000000e5300000,0x00000000e5df98c0,0x00000000e5e00000)
  to   space 12800K, 0% used [0x00000000e7980000,0x00000000e7980000,0x00000000e8600000)
 ParOldGen       total 98304K, used 15354K [0x00000000a0000000, 0x00000000a6000000, 0x00000000e0000000)
  object space 98304K, 15% used [0x00000000a0000000,0x00000000a0efebb0,0x00000000a6000000)
 Metaspace       used 47045K, capacity 48294K, committed 48384K, reserved 1091584K
  class space    used 6317K, capacity 6625K, committed 6656K, reserved 1048576K
Event: 22.705 GC heap after
Heap after GC invocations=14 (full 2):
 PSYoungGen      total 122368K, used 12785K [0x00000000e0000000, 0x00000000e8a80000, 0x0000000100000000)
  eden space 109568K, 0% used [0x00000000e0000000,0x00000000e0000000,0x00000000e6b00000)
  from space 12800K, 99% used [0x00000000e7980000,0x00000000e85fc6e0,0x00000000e8600000)
  to   space 14848K, 0% used [0x00000000e6b00000,0x00000000e6b00000,0x00000000e7980000)
 ParOldGen       total 98304K, used 17955K [0x00000000a0000000, 0x00000000a6000000, 0x00000000e0000000)
  object space 98304K, 18% used [0x00000000a0000000,0x00000000a1188e10,0x00000000a6000000)
 Metaspace       used 47045K, capacity 48294K, committed 48384K, reserved 1091584K
  class space    used 6317K, capacity 6625K, committed 6656K, reserved 1048576K
}
Event: 28.019 GC heap before
{Heap before GC invocations=15 (full 2):
 PSYoungGen      total 122368K, used 122353K [0x00000000e0000000, 0x00000000e8a80000, 0x0000000100000000)
  eden space 109568K, 100% used [0x00000000e0000000,0x00000000e6b00000,0x00000000e6b00000)
  from space 12800K, 99% used [0x00000000e7980000,0x00000000e85fc6e0,0x00000000e8600000)
  to   space 14848K, 0% used [0x00000000e6b00000,0x00000000e6b00000,0x00000000e7980000)
 ParOldGen       total 98304K, used 17955K [0x00000000a0000000, 0x00000000a6000000, 0x00000000e0000000)
  object space 98304K, 18% used [0x00000000a0000000,0x00000000a1188e10,0x00000000a6000000)
 Metaspace       used 52502K, capacity 54082K, committed 54400K, reserved 1095680K
  class space    used 7089K, capacity 7447K, committed 7552K, reserved 1048576K
Event: 28.051 GC heap after
Heap after GC invocations=15 (full 2):
 PSYoungGen      total 124416K, used 14833K [0x00000000e0000000, 0x00000000eb580000, 0x0000000100000000)
  eden space 109568K, 0% used [0x00000000e0000000,0x00000000e0000000,0x00000000e6b00000)
  from space 14848K, 99% used [0x00000000e6b00000,0x00000000e797c6e0,0x00000000e7980000)
  to   space 22016K, 0% used [0x00000000ea000000,0x00000000ea000000,0x00000000eb580000)
 ParOldGen       total 98304K, used 31649K [0x00000000a0000000, 0x00000000a6000000, 0x00000000e0000000)
  object space 98304K, 32% used [0x00000000a0000000,0x00000000a1ee8570,0x00000000a6000000)
 Metaspace       used 52502K, capacity 54082K, committed 54400K, reserved 1095680K
  class space    used 7089K, capacity 7447K, committed 7552K, reserved 1048576K
}

