# JRE version: OpenJDK Runtime Environment (8.0_112-b06) (build 1.8.0_112-release-b06)
# Java VM: OpenJDK 64-Bit Server VM (25.112-b06 mixed mode windows-amd64 compressed oops)
Heap:
 PSYoungGen      total 155648K, used 81063K [0x00000000e0000000, 0x00000000ec980000, 0x0000000100000000)
  eden space 133632K, 60% used [0x00000000e0000000,0x00000000e4f29e30,0x00000000e8280000)
  from space 22016K, 0% used [0x00000000e8280000,0x00000000e8280000,0x00000000e9800000)
  to   space 25600K, 0% used [0x00000000eb080000,0x00000000eb080000,0x00000000ec980000)
 ParOldGen       total 166912K, used 36605K [0x00000000a0000000, 0x00000000aa300000, 0x00000000e0000000)
  object space 166912K, 21% used [0x00000000a0000000,0x00000000a23bf5b0,0x00000000aa300000)
 Metaspace       used 61406K, capacity 63102K, committed 63232K, reserved 1103872K
  class space    used 8082K, capacity 8433K, committed 8448K, reserved 1048576K
GC Heap History (10 events):
Event: 11.827 GC heap before
{Heap before GC invocations=10 (full 2):
 PSYoungGen      total 103936K, used 93696K [0x00000000e0000000, 0x00000000e9980000, 0x0000000100000000)
  eden space 93696K, 100% used [0x00000000e0000000,0x00000000e5b80000,0x00000000e5b80000)
  from space 10240K, 0% used [0x00000000e5b80000,0x00000000e5b80000,0x00000000e6580000)
  to   space 12288K, 0% used [0x00000000e8d80000,0x00000000e8d80000,0x00000000e9980000)
 ParOldGen       total 107520K, used 17543K [0x00000000a0000000, 0x00000000a6900000, 0x00000000e0000000)
  object space 107520K, 16% used [0x00000000a0000000,0x00000000a1121c58,0x00000000a6900000)
 Metaspace       used 42577K, capacity 43414K, committed 43648K, reserved 1087488K
  class space    used 5694K, capacity 5895K, committed 6016K, reserved 1048576K
Event: 11.842 GC heap after
Heap after GC invocations=10 (full 2):
 PSYoungGen      total 131584K, used 10734K [0x00000000e0000000, 0x00000000e9800000, 0x0000000100000000)
  eden space 120832K, 0% used [0x00000000e0000000,0x00000000e0000000,0x00000000e7600000)
  from space 10752K, 99% used [0x00000000e8d80000,0x00000000e97fbb80,0x00000000e9800000)
  to   space 12800K, 0% used [0x00000000e7f00000,0x00000000e7f00000,0x00000000e8b80000)
 ParOldGen       total 107520K, used 17551K [0x00000000a0000000, 0x00000000a6900000, 0x00000000e0000000)
  object space 107520K, 16% used [0x00000000a0000000,0x00000000a1123c58,0x00000000a6900000)
 Metaspace       used 42577K, capacity 43414K, committed 43648K, reserved 1087488K
  class space    used 5694K, capacity 5895K, committed 6016K, reserved 1048576K
}
Event: 15.409 GC heap before
{Heap before GC invocations=11 (full 2):
 PSYoungGen      total 131584K, used 131566K [0x00000000e0000000, 0x00000000e9800000, 0x0000000100000000)
  eden space 120832K, 100% used [0x00000000e0000000,0x00000000e7600000,0x00000000e7600000)
  from space 10752K, 99% used [0x00000000e8d80000,0x00000000e97fbb80,0x00000000e9800000)
  to   space 12800K, 0% used [0x00000000e7f00000,0x00000000e7f00000,0x00000000e8b80000)
 ParOldGen       total 107520K, used 17551K [0x00000000a0000000, 0x00000000a6900000, 0x00000000e0000000)
  object space 107520K, 16% used [0x00000000a0000000,0x00000000a1123c58,0x00000000a6900000)
 Metaspace       used 47853K, capacity 48810K, committed 49152K, reserved 1091584K
  class space    used 6348K, capacity 6595K, committed 6656K, reserved 1048576K
Event: 15.428 GC heap after
Heap after GC invocations=11 (full 2):
 PSYoungGen      total 142848K, used 12788K [0x00000000e0000000, 0x00000000ea780000, 0x0000000100000000)
  eden space 130048K, 0% used [0x00000000e0000000,0x00000000e0000000,0x00000000e7f00000)
  from space 12800K, 99% used [0x00000000e7f00000,0x00000000e8b7d0d0,0x00000000e8b80000)
  to   space 15872K, 0% used [0x00000000e9800000,0x00000000e9800000,0x00000000ea780000)
 ParOldGen       total 107520K, used 20788K [0x00000000a0000000, 0x00000000a6900000, 0x00000000e0000000)
  object space 107520K, 19% used [0x00000000a0000000,0x00000000a144d158,0x00000000a6900000)
 Metaspace       used 47853K, capacity 48810K, committed 49152K, reserved 1091584K
  class space    used 6348K, capacity 6595K, committed 6656K, reserved 1048576K
}
Event: 18.370 GC heap before
{Heap before GC invocations=12 (full 2):
 PSYoungGen      total 142848K, used 142836K [0x00000000e0000000, 0x00000000ea780000, 0x0000000100000000)
  eden space 130048K, 100% used [0x00000000e0000000,0x00000000e7f00000,0x00000000e7f00000)
  from space 12800K, 99% used [0x00000000e7f00000,0x00000000e8b7d0d0,0x00000000e8b80000)
  to   space 15872K, 0% used [0x00000000e9800000,0x00000000e9800000,0x00000000ea780000)
 ParOldGen       total 107520K, used 20788K [0x00000000a0000000, 0x00000000a6900000, 0x00000000e0000000)
  object space 107520K, 19% used [0x00000000a0000000,0x00000000a144d158,0x00000000a6900000)
 Metaspace       used 54576K, capacity 56200K, committed 56448K, reserved 1097728K
  class space    used 7341K, capacity 7704K, committed 7808K, reserved 1048576K
Event: 18.420 GC heap after
Heap after GC invocations=12 (full 2):
 PSYoungGen      total 149504K, used 15858K [0x00000000e0000000, 0x00000000ec100000, 0x0000000100000000)
  eden space 133632K, 0% used [0x00000000e0000000,0x00000000e0000000,0x00000000e8280000)
  from space 15872K, 99% used [0x00000000e9800000,0x00000000ea77c908,0x00000000ea780000)
  to   space 22016K, 0% used [0x00000000e8280000,0x00000000e8280000,0x00000000e9800000)
 ParOldGen       total 107520K, used 32628K [0x00000000a0000000, 0x00000000a6900000, 0x00000000e0000000)
  object space 107520K, 30% used [0x00000000a0000000,0x00000000a1fdd2c0,0x00000000a6900000)
 Metaspace       used 54576K, capacity 56200K, committed 56448K, reserved 1097728K
  class space    used 7341K, capacity 7704K, committed 7808K, reserved 1048576K
}
Event: 23.676 GC heap before
{Heap before GC invocations=13 (full 2):
 PSYoungGen      total 149504K, used 101615K [0x00000000e0000000, 0x00000000ec100000, 0x0000000100000000)
  eden space 133632K, 64% used [0x00000000e0000000,0x00000000e53bf518,0x00000000e8280000)
  from space 15872K, 99% used [0x00000000e9800000,0x00000000ea77c908,0x00000000ea780000)
  to   space 22016K, 0% used [0x00000000e8280000,0x00000000e8280000,0x00000000e9800000)
 ParOldGen       total 107520K, used 32628K [0x00000000a0000000, 0x00000000a6900000, 0x00000000e0000000)
  object space 107520K, 30% used [0x00000000a0000000,0x00000000a1fdd2c0,0x00000000a6900000)
 Metaspace       used 57295K, capacity 58980K, committed 59136K, reserved 1099776K
  class space    used 7713K, capacity 8082K, committed 8192K, reserved 1048576K
Event: 23.702 GC heap after
Heap after GC invocations=13 (full 2):
 PSYoungGen      total 155648K, used 22007K [0x00000000e0000000, 0x00000000ec980000, 0x0000000100000000)
  eden space 133632K, 0% used [0x00000000e0000000,0x00000000e0000000,0x00000000e8280000)
  from space 22016K, 99% used [0x00000000e8280000,0x00000000e97fdd78,0x00000000e9800000)
  to   space 25600K, 0% used [0x00000000eb080000,0x00000000eb080000,0x00000000ec980000)
 ParOldGen       total 107520K, used 33189K [0x00000000a0000000, 0x00000000a6900000, 0x00000000e0000000)
  object space 107520K, 30% used [0x00000000a0000000,0x00000000a2069758,0x00000000a6900000)
 Metaspace       used 57295K, capacity 58980K, committed 59136K, reserved 1099776K
  class space    used 7713K, capacity 8082K, committed 8192K, reserved 1048576K
}
Event: 23.702 GC heap before
{Heap before GC invocations=14 (full 3):
 PSYoungGen      total 155648K, used 22007K [0x00000000e0000000, 0x00000000ec980000, 0x0000000100000000)
  eden space 133632K, 0% used [0x00000000e0000000,0x00000000e0000000,0x00000000e8280000)
  from space 22016K, 99% used [0x00000000e8280000,0x00000000e97fdd78,0x00000000e9800000)
  to   space 25600K, 0% used [0x00000000eb080000,0x00000000eb080000,0x00000000ec980000)
 ParOldGen       total 107520K, used 33189K [0x00000000a0000000, 0x00000000a6900000, 0x00000000e0000000)
  object space 107520K, 30% used [0x00000000a0000000,0x00000000a2069758,0x00000000a6900000)
 Metaspace       used 57295K, capacity 58980K, committed 59136K, reserved 1099776K
  class space    used 7713K, capacity 8082K, committed 8192K, reserved 1048576K
Event: 23.985 GC heap after
Heap after GC invocations=14 (full 3):
 PSYoungGen      total 155648K, used 0K [0x00000000e0000000, 0x00000000ec980000, 0x0000000100000000)
  eden space 133632K, 0% used [0x00000000e0000000,0x00000000e0000000,0x00000000e8280000)
  from space 22016K, 0% used [0x00000000e8280000,0x00000000e8280000,0x00000000e9800000)
  to   space 25600K, 0% used [0x00000000eb080000,0x00000000eb080000,0x00000000ec980000)
 ParOldGen       total 166912K, used 36605K [0x00000000a0000000, 0x00000000aa300000, 0x00000000e0000000)
  object space 166912K, 21% used [0x00000000a0000000,0x00000000a23bf5b0,0x00000000aa300000)
 Metaspace       used 57293K, capacity 58974K, committed 59136K, reserved 1099776K
  class space    used 7712K, capacity 8081K, committed 8192K, reserved 1048576K
}

