# JRE version: OpenJDK Runtime Environment (8.0_112-b06) (build 1.8.0_112-release-b06)
# Java VM: OpenJDK 64-Bit Server VM (25.112-b06 mixed mode windows-amd64 compressed oops)
Heap:
 PSYoungGen      total 136192K, used 54874K [0x00000000e0000000, 0x00000000e9b00000, 0x0000000100000000)
  eden space 123392K, 34% used [0x00000000e0000000,0x00000000e2919858,0x00000000e7880000)
  from space 12800K, 99% used [0x00000000e8880000,0x00000000e94fd380,0x00000000e9500000)
  to   space 16384K, 0% used [0x00000000e7880000,0x00000000e7880000,0x00000000e8880000)
 ParOldGen       total 92160K, used 20349K [0x00000000a0000000, 0x00000000a5a00000, 0x00000000e0000000)
  object space 92160K, 22% used [0x00000000a0000000,0x00000000a13df678,0x00000000a5a00000)
 Metaspace       used 50888K, capacity 52438K, committed 52608K, reserved 1095680K
  class space    used 6827K, capacity 7181K, committed 7296K, reserved 1048576K
GC Heap History (10 events):
Event: 19.204 GC heap before
{Heap before GC invocations=10 (full 1):
 PSYoungGen      total 80384K, used 47532K [0x00000000e0000000, 0x00000000e5a00000, 0x0000000100000000)
  eden space 70656K, 53% used [0x00000000e0000000,0x00000000e24ef1e0,0x00000000e4500000)
  from space 9728K, 99% used [0x00000000e5080000,0x00000000e59fbe48,0x00000000e5a00000)
  to   space 10752K, 0% used [0x00000000e4500000,0x00000000e4500000,0x00000000e4f80000)
 ParOldGen       total 65024K, used 9336K [0x00000000a0000000, 0x00000000a3f80000, 0x00000000e0000000)
  object space 65024K, 14% used [0x00000000a0000000,0x00000000a091e0f8,0x00000000a3f80000)
 Metaspace       used 34758K, capacity 35306K, committed 35496K, reserved 1079296K
  class space    used 4623K, capacity 4781K, committed 4864K, reserved 1048576K
Event: 19.227 GC heap after
Heap after GC invocations=10 (full 1):
 PSYoungGen      total 81408K, used 8194K [0x00000000e0000000, 0x00000000e7580000, 0x0000000100000000)
  eden space 70656K, 0% used [0x00000000e0000000,0x00000000e0000000,0x00000000e4500000)
  from space 10752K, 76% used [0x00000000e4500000,0x00000000e4d008f8,0x00000000e4f80000)
  to   space 11264K, 0% used [0x00000000e6a80000,0x00000000e6a80000,0x00000000e7580000)
 ParOldGen       total 65024K, used 9408K [0x00000000a0000000, 0x00000000a3f80000, 0x00000000e0000000)
  object space 65024K, 14% used [0x00000000a0000000,0x00000000a0930108,0x00000000a3f80000)
 Metaspace       used 34758K, capacity 35306K, committed 35496K, reserved 1079296K
  class space    used 4623K, capacity 4781K, committed 4864K, reserved 1048576K
}
Event: 19.227 GC heap before
{Heap before GC invocations=11 (full 2):
 PSYoungGen      total 81408K, used 8194K [0x00000000e0000000, 0x00000000e7580000, 0x0000000100000000)
  eden space 70656K, 0% used [0x00000000e0000000,0x00000000e0000000,0x00000000e4500000)
  from space 10752K, 76% used [0x00000000e4500000,0x00000000e4d008f8,0x00000000e4f80000)
  to   space 11264K, 0% used [0x00000000e6a80000,0x00000000e6a80000,0x00000000e7580000)
 ParOldGen       total 65024K, used 9408K [0x00000000a0000000, 0x00000000a3f80000, 0x00000000e0000000)
  object space 65024K, 14% used [0x00000000a0000000,0x00000000a0930108,0x00000000a3f80000)
 Metaspace       used 34758K, capacity 35306K, committed 35496K, reserved 1079296K
  class space    used 4623K, capacity 4781K, committed 4864K, reserved 1048576K
Event: 19.373 GC heap after
Heap after GC invocations=11 (full 2):
 PSYoungGen      total 81408K, used 0K [0x00000000e0000000, 0x00000000e7580000, 0x0000000100000000)
  eden space 70656K, 0% used [0x00000000e0000000,0x00000000e0000000,0x00000000e4500000)
  from space 10752K, 0% used [0x00000000e4500000,0x00000000e4500000,0x00000000e4f80000)
  to   space 11264K, 0% used [0x00000000e6a80000,0x00000000e6a80000,0x00000000e7580000)
 ParOldGen       total 92160K, used 14526K [0x00000000a0000000, 0x00000000a5a00000, 0x00000000e0000000)
  object space 92160K, 15% used [0x00000000a0000000,0x00000000a0e2fb60,0x00000000a5a00000)
 Metaspace       used 34758K, capacity 35306K, committed 35496K, reserved 1079296K
  class space    used 4623K, capacity 4781K, committed 4864K, reserved 1048576K
}
Event: 20.891 GC heap before
{Heap before GC invocations=12 (full 2):
 PSYoungGen      total 81408K, used 70656K [0x00000000e0000000, 0x00000000e7580000, 0x0000000100000000)
  eden space 70656K, 100% used [0x00000000e0000000,0x00000000e4500000,0x00000000e4500000)
  from space 10752K, 0% used [0x00000000e4500000,0x00000000e4500000,0x00000000e4f80000)
  to   space 11264K, 0% used [0x00000000e6a80000,0x00000000e6a80000,0x00000000e7580000)
 ParOldGen       total 92160K, used 14526K [0x00000000a0000000, 0x00000000a5a00000, 0x00000000e0000000)
  object space 92160K, 15% used [0x00000000a0000000,0x00000000a0e2fb60,0x00000000a5a00000)
 Metaspace       used 38549K, capacity 39338K, committed 39680K, reserved 1083392K
  class space    used 5141K, capacity 5323K, committed 5376K, reserved 1048576K
Event: 20.925 GC heap after
Heap after GC invocations=12 (full 2):
 PSYoungGen      total 104960K, used 8882K [0x00000000e0000000, 0x00000000e7380000, 0x0000000100000000)
  eden space 95744K, 0% used [0x00000000e0000000,0x00000000e0000000,0x00000000e5d80000)
  from space 9216K, 96% used [0x00000000e6a80000,0x00000000e732ca90,0x00000000e7380000)
  to   space 11264K, 0% used [0x00000000e5d80000,0x00000000e5d80000,0x00000000e6880000)
 ParOldGen       total 92160K, used 14526K [0x00000000a0000000, 0x00000000a5a00000, 0x00000000e0000000)
  object space 92160K, 15% used [0x00000000a0000000,0x00000000a0e2fb60,0x00000000a5a00000)
 Metaspace       used 38549K, capacity 39338K, committed 39680K, reserved 1083392K
  class space    used 5141K, capacity 5323K, committed 5376K, reserved 1048576K
}
Event: 23.672 GC heap before
{Heap before GC invocations=13 (full 2):
 PSYoungGen      total 104960K, used 104626K [0x00000000e0000000, 0x00000000e7380000, 0x0000000100000000)
  eden space 95744K, 100% used [0x00000000e0000000,0x00000000e5d80000,0x00000000e5d80000)
  from space 9216K, 96% used [0x00000000e6a80000,0x00000000e732ca90,0x00000000e7380000)
  to   space 11264K, 0% used [0x00000000e5d80000,0x00000000e5d80000,0x00000000e6880000)
 ParOldGen       total 92160K, used 14526K [0x00000000a0000000, 0x00000000a5a00000, 0x00000000e0000000)
  object space 92160K, 15% used [0x00000000a0000000,0x00000000a0e2fb60,0x00000000a5a00000)
 Metaspace       used 44042K, capacity 44924K, committed 45056K, reserved 1087488K
  class space    used 5847K, capacity 6060K, committed 6144K, reserved 1048576K
Event: 23.688 GC heap after
Heap after GC invocations=13 (full 2):
 PSYoungGen      total 107008K, used 11243K [0x00000000e0000000, 0x00000000e9500000, 0x0000000100000000)
  eden space 95744K, 0% used [0x00000000e0000000,0x00000000e0000000,0x00000000e5d80000)
  from space 11264K, 99% used [0x00000000e5d80000,0x00000000e687af08,0x00000000e6880000)
  to   space 12800K, 0% used [0x00000000e8880000,0x00000000e8880000,0x00000000e9500000)
 ParOldGen       total 92160K, used 15312K [0x00000000a0000000, 0x00000000a5a00000, 0x00000000e0000000)
  object space 92160K, 16% used [0x00000000a0000000,0x00000000a0ef4070,0x00000000a5a00000)
 Metaspace       used 44042K, capacity 44924K, committed 45056K, reserved 1087488K
  class space    used 5847K, capacity 6060K, committed 6144K, reserved 1048576K
}
Event: 26.248 GC heap before
{Heap before GC invocations=14 (full 2):
 PSYoungGen      total 107008K, used 106987K [0x00000000e0000000, 0x00000000e9500000, 0x0000000100000000)
  eden space 95744K, 100% used [0x00000000e0000000,0x00000000e5d80000,0x00000000e5d80000)
  from space 11264K, 99% used [0x00000000e5d80000,0x00000000e687af08,0x00000000e6880000)
  to   space 12800K, 0% used [0x00000000e8880000,0x00000000e8880000,0x00000000e9500000)
 ParOldGen       total 92160K, used 15312K [0x00000000a0000000, 0x00000000a5a00000, 0x00000000e0000000)
  object space 92160K, 16% used [0x00000000a0000000,0x00000000a0ef4070,0x00000000a5a00000)
 Metaspace       used 48203K, capacity 49666K, committed 49920K, reserved 1091584K
  class space    used 6476K, capacity 6791K, committed 6912K, reserved 1048576K
Event: 26.272 GC heap after
Heap after GC invocations=14 (full 2):
 PSYoungGen      total 136192K, used 12788K [0x00000000e0000000, 0x00000000e9b00000, 0x0000000100000000)
  eden space 123392K, 0% used [0x00000000e0000000,0x00000000e0000000,0x00000000e7880000)
  from space 12800K, 99% used [0x00000000e8880000,0x00000000e94fd380,0x00000000e9500000)
  to   space 16384K, 0% used [0x00000000e7880000,0x00000000e7880000,0x00000000e8880000)
 ParOldGen       total 92160K, used 20349K [0x00000000a0000000, 0x00000000a5a00000, 0x00000000e0000000)
  object space 92160K, 22% used [0x00000000a0000000,0x00000000a13df678,0x00000000a5a00000)
 Metaspace       used 48203K, capacity 49666K, committed 49920K, reserved 1091584K
  class space    used 6476K, capacity 6791K, committed 6912K, reserved 1048576K
}

