# JRE version: OpenJDK Runtime Environment (8.0_112-b06) (build 1.8.0_112-release-b06)
# Java VM: OpenJDK 64-Bit Server VM (25.112-b06 mixed mode windows-amd64 compressed oops)
Heap:
 PSYoungGen      total 140800K, used 65346K [0x00000000e0000000, 0x00000000ea480000, 0x0000000100000000)
  eden space 127488K, 40% used [0x00000000e0000000,0x00000000e32d5420,0x00000000e7c80000)
  from space 13312K, 99% used [0x00000000e8d80000,0x00000000e9a7b740,0x00000000e9a80000)
  to   space 17408K, 0% used [0x00000000e7c80000,0x00000000e7c80000,0x00000000e8d80000)
 ParOldGen       total 93184K, used 22626K [0x00000000a0000000, 0x00000000a5b00000, 0x00000000e0000000)
  object space 93184K, 24% used [0x00000000a0000000,0x00000000a1618a98,0x00000000a5b00000)
 Metaspace       used 54487K, capacity 55964K, committed 56064K, reserved 1097728K
  class space    used 7335K, capacity 7669K, committed 7680K, reserved 1048576K
GC Heap History (10 events):
Event: 17.895 GC heap before
{Heap before GC invocations=10 (full 1):
 PSYoungGen      total 87040K, used 42469K [0x00000000e0000000, 0x00000000e6300000, 0x0000000100000000)
  eden space 77312K, 42% used [0x00000000e0000000,0x00000000e1ffd328,0x00000000e4b80000)
  from space 9728K, 99% used [0x00000000e5680000,0x00000000e5ffc498,0x00000000e6000000)
  to   space 11264K, 0% used [0x00000000e4b80000,0x00000000e4b80000,0x00000000e5680000)
 ParOldGen       total 64512K, used 9768K [0x00000000a0000000, 0x00000000a3f00000, 0x00000000e0000000)
  object space 64512K, 15% used [0x00000000a0000000,0x00000000a098a318,0x00000000a3f00000)
 Metaspace       used 34780K, capacity 35292K, committed 35496K, reserved 1079296K
  class space    used 4631K, capacity 4776K, committed 4864K, reserved 1048576K
Event: 17.913 GC heap after
Heap after GC invocations=10 (full 1):
 PSYoungGen      total 88576K, used 6033K [0x00000000e0000000, 0x00000000e7d80000, 0x0000000100000000)
  eden space 77312K, 0% used [0x00000000e0000000,0x00000000e0000000,0x00000000e4b80000)
  from space 11264K, 53% used [0x00000000e4b80000,0x00000000e5164760,0x00000000e5680000)
  to   space 10752K, 0% used [0x00000000e7300000,0x00000000e7300000,0x00000000e7d80000)
 ParOldGen       total 64512K, used 11721K [0x00000000a0000000, 0x00000000a3f00000, 0x00000000e0000000)
  object space 64512K, 18% used [0x00000000a0000000,0x00000000a0b72688,0x00000000a3f00000)
 Metaspace       used 34780K, capacity 35292K, committed 35496K, reserved 1079296K
  class space    used 4631K, capacity 4776K, committed 4864K, reserved 1048576K
}
Event: 17.913 GC heap before
{Heap before GC invocations=11 (full 2):
 PSYoungGen      total 88576K, used 6033K [0x00000000e0000000, 0x00000000e7d80000, 0x0000000100000000)
  eden space 77312K, 0% used [0x00000000e0000000,0x00000000e0000000,0x00000000e4b80000)
  from space 11264K, 53% used [0x00000000e4b80000,0x00000000e5164760,0x00000000e5680000)
  to   space 10752K, 0% used [0x00000000e7300000,0x00000000e7300000,0x00000000e7d80000)
 ParOldGen       total 64512K, used 11721K [0x00000000a0000000, 0x00000000a3f00000, 0x00000000e0000000)
  object space 64512K, 18% used [0x00000000a0000000,0x00000000a0b72688,0x00000000a3f00000)
 Metaspace       used 34780K, capacity 35292K, committed 35496K, reserved 1079296K
  class space    used 4631K, capacity 4776K, committed 4864K, reserved 1048576K
Event: 18.086 GC heap after
Heap after GC invocations=11 (full 2):
 PSYoungGen      total 88576K, used 0K [0x00000000e0000000, 0x00000000e7d80000, 0x0000000100000000)
  eden space 77312K, 0% used [0x00000000e0000000,0x00000000e0000000,0x00000000e4b80000)
  from space 11264K, 0% used [0x00000000e4b80000,0x00000000e4b80000,0x00000000e5680000)
  to   space 10752K, 0% used [0x00000000e7300000,0x00000000e7300000,0x00000000e7d80000)
 ParOldGen       total 93184K, used 14277K [0x00000000a0000000, 0x00000000a5b00000, 0x00000000e0000000)
  object space 93184K, 15% used [0x00000000a0000000,0x00000000a0df1610,0x00000000a5b00000)
 Metaspace       used 34780K, capacity 35292K, committed 35496K, reserved 1079296K
  class space    used 4631K, capacity 4776K, committed 4864K, reserved 1048576K
}
Event: 20.125 GC heap before
{Heap before GC invocations=12 (full 2):
 PSYoungGen      total 88576K, used 77312K [0x00000000e0000000, 0x00000000e7d80000, 0x0000000100000000)
  eden space 77312K, 100% used [0x00000000e0000000,0x00000000e4b80000,0x00000000e4b80000)
  from space 11264K, 0% used [0x00000000e4b80000,0x00000000e4b80000,0x00000000e5680000)
  to   space 10752K, 0% used [0x00000000e7300000,0x00000000e7300000,0x00000000e7d80000)
 ParOldGen       total 93184K, used 14277K [0x00000000a0000000, 0x00000000a5b00000, 0x00000000e0000000)
  object space 93184K, 15% used [0x00000000a0000000,0x00000000a0df1610,0x00000000a5b00000)
 Metaspace       used 40481K, capacity 41300K, committed 41600K, reserved 1085440K
  class space    used 5458K, capacity 5659K, committed 5760K, reserved 1048576K
Event: 20.160 GC heap after
Heap after GC invocations=12 (full 2):
 PSYoungGen      total 111616K, used 9482K [0x00000000e0000000, 0x00000000e7c80000, 0x0000000100000000)
  eden space 101888K, 0% used [0x00000000e0000000,0x00000000e0000000,0x00000000e6380000)
  from space 9728K, 97% used [0x00000000e7300000,0x00000000e7c42850,0x00000000e7c80000)
  to   space 11264K, 0% used [0x00000000e6680000,0x00000000e6680000,0x00000000e7180000)
 ParOldGen       total 93184K, used 14285K [0x00000000a0000000, 0x00000000a5b00000, 0x00000000e0000000)
  object space 93184K, 15% used [0x00000000a0000000,0x00000000a0df3610,0x00000000a5b00000)
 Metaspace       used 40481K, capacity 41300K, committed 41600K, reserved 1085440K
  class space    used 5458K, capacity 5659K, committed 5760K, reserved 1048576K
}
Event: 22.553 GC heap before
{Heap before GC invocations=13 (full 2):
 PSYoungGen      total 111616K, used 111370K [0x00000000e0000000, 0x00000000e7c80000, 0x0000000100000000)
  eden space 101888K, 100% used [0x00000000e0000000,0x00000000e6380000,0x00000000e6380000)
  from space 9728K, 97% used [0x00000000e7300000,0x00000000e7c42850,0x00000000e7c80000)
  to   space 11264K, 0% used [0x00000000e6680000,0x00000000e6680000,0x00000000e7180000)
 ParOldGen       total 93184K, used 14285K [0x00000000a0000000, 0x00000000a5b00000, 0x00000000e0000000)
  object space 93184K, 15% used [0x00000000a0000000,0x00000000a0df3610,0x00000000a5b00000)
 Metaspace       used 44492K, capacity 45472K, committed 45696K, reserved 1089536K
  class space    used 5914K, capacity 6153K, committed 6272K, reserved 1048576K
Event: 22.570 GC heap after
Heap after GC invocations=13 (full 2):
 PSYoungGen      total 116224K, used 11260K [0x00000000e0000000, 0x00000000e9a80000, 0x0000000100000000)
  eden space 104960K, 0% used [0x00000000e0000000,0x00000000e0000000,0x00000000e6680000)
  from space 11264K, 99% used [0x00000000e6680000,0x00000000e717f078,0x00000000e7180000)
  to   space 13312K, 0% used [0x00000000e8d80000,0x00000000e8d80000,0x00000000e9a80000)
 ParOldGen       total 93184K, used 15651K [0x00000000a0000000, 0x00000000a5b00000, 0x00000000e0000000)
  object space 93184K, 16% used [0x00000000a0000000,0x00000000a0f48d98,0x00000000a5b00000)
 Metaspace       used 44492K, capacity 45472K, committed 45696K, reserved 1089536K
  class space    used 5914K, capacity 6153K, committed 6272K, reserved 1048576K
}
Event: 26.667 GC heap before
{Heap before GC invocations=14 (full 2):
 PSYoungGen      total 116224K, used 116220K [0x00000000e0000000, 0x00000000e9a80000, 0x0000000100000000)
  eden space 104960K, 100% used [0x00000000e0000000,0x00000000e6680000,0x00000000e6680000)
  from space 11264K, 99% used [0x00000000e6680000,0x00000000e717f078,0x00000000e7180000)
  to   space 13312K, 0% used [0x00000000e8d80000,0x00000000e8d80000,0x00000000e9a80000)
 ParOldGen       total 93184K, used 15651K [0x00000000a0000000, 0x00000000a5b00000, 0x00000000e0000000)
  object space 93184K, 16% used [0x00000000a0000000,0x00000000a0f48d98,0x00000000a5b00000)
 Metaspace       used 50694K, capacity 52176K, committed 52352K, reserved 1093632K
  class space    used 6836K, capacity 7177K, committed 7296K, reserved 1048576K
Event: 26.700 GC heap after
Heap after GC invocations=14 (full 2):
 PSYoungGen      total 140800K, used 13293K [0x00000000e0000000, 0x00000000ea480000, 0x0000000100000000)
  eden space 127488K, 0% used [0x00000000e0000000,0x00000000e0000000,0x00000000e7c80000)
  from space 13312K, 99% used [0x00000000e8d80000,0x00000000e9a7b740,0x00000000e9a80000)
  to   space 17408K, 0% used [0x00000000e7c80000,0x00000000e7c80000,0x00000000e8d80000)
 ParOldGen       total 93184K, used 22626K [0x00000000a0000000, 0x00000000a5b00000, 0x00000000e0000000)
  object space 93184K, 24% used [0x00000000a0000000,0x00000000a1618a98,0x00000000a5b00000)
 Metaspace       used 50694K, capacity 52176K, committed 52352K, reserved 1093632K
  class space    used 6836K, capacity 7177K, committed 7296K, reserved 1048576K
}

