# JRE version: OpenJDK Runtime Environment (8.0_112-b06) (build 1.8.0_112-release-b06)
# Java VM: OpenJDK 64-Bit Server VM (25.112-b06 mixed mode windows-amd64 compressed oops)
Heap:
 PSYoungGen      total 41472K, used 20147K [0x00000000e0000000, 0x00000000e3380000, 0x0000000100000000)
  eden space 32256K, 46% used [0x00000000e0000000,0x00000000e0ea1420,0x00000000e1f80000)
  from space 9216K, 56% used [0x00000000e2a80000,0x00000000e2f8bb40,0x00000000e3380000)
  to   space 10240K, 0% used [0x00000000e1f80000,0x00000000e1f80000,0x00000000e2980000)
 ParOldGen       total 47616K, used 9267K [0x00000000a0000000, 0x00000000a2e80000, 0x00000000e0000000)
  object space 47616K, 19% used [0x00000000a0000000,0x00000000a090ce40,0x00000000a2e80000)
 Metaspace       used 26931K, capacity 27392K, committed 27776K, reserved 1073152K
  class space    used 3733K, capacity 3885K, committed 3968K, reserved 1048576K
GC Heap History (10 events):
Event: 20.392 GC heap before
{Heap before GC invocations=3 (full 0):
 PSYoungGen      total 38400K, used 38386K [0x00000000e0000000, 0x00000000e2a80000, 0x0000000100000000)
  eden space 33280K, 100% used [0x00000000e0000000,0x00000000e2080000,0x00000000e2080000)
  from space 5120K, 99% used [0x00000000e2580000,0x00000000e2a7cbf0,0x00000000e2a80000)
  to   space 5120K, 0% used [0x00000000e2080000,0x00000000e2080000,0x00000000e2580000)
 ParOldGen       total 87552K, used 629K [0x00000000a0000000, 0x00000000a5580000, 0x00000000e0000000)
  object space 87552K, 0% used [0x00000000a0000000,0x00000000a009d7d8,0x00000000a5580000)
 Metaspace       used 16213K, capacity 16544K, committed 16768K, reserved 1062912K
  class space    used 2251K, capacity 2349K, committed 2432K, reserved 1048576K
Event: 20.408 GC heap after
Heap after GC invocations=3 (full 0):
 PSYoungGen      total 38400K, used 5104K [0x00000000e0000000, 0x00000000e2a80000, 0x0000000100000000)
  eden space 33280K, 0% used [0x00000000e0000000,0x00000000e0000000,0x00000000e2080000)
  from space 5120K, 99% used [0x00000000e2080000,0x00000000e257c030,0x00000000e2580000)
  to   space 5120K, 0% used [0x00000000e2580000,0x00000000e2580000,0x00000000e2a80000)
 ParOldGen       total 87552K, used 3170K [0x00000000a0000000, 0x00000000a5580000, 0x00000000e0000000)
  object space 87552K, 3% used [0x00000000a0000000,0x00000000a03188f0,0x00000000a5580000)
 Metaspace       used 16213K, capacity 16544K, committed 16768K, reserved 1062912K
  class space    used 2251K, capacity 2349K, committed 2432K, reserved 1048576K
}
Event: 22.358 GC heap before
{Heap before GC invocations=4 (full 0):
 PSYoungGen      total 38400K, used 29159K [0x00000000e0000000, 0x00000000e2a80000, 0x0000000100000000)
  eden space 33280K, 72% used [0x00000000e0000000,0x00000000e177dd20,0x00000000e2080000)
  from space 5120K, 99% used [0x00000000e2080000,0x00000000e257c030,0x00000000e2580000)
  to   space 5120K, 0% used [0x00000000e2580000,0x00000000e2580000,0x00000000e2a80000)
 ParOldGen       total 87552K, used 3170K [0x00000000a0000000, 0x00000000a5580000, 0x00000000e0000000)
  object space 87552K, 3% used [0x00000000a0000000,0x00000000a03188f0,0x00000000a5580000)
 Metaspace       used 20774K, capacity 21100K, committed 21296K, reserved 1067008K
  class space    used 2756K, capacity 2865K, committed 2944K, reserved 1048576K
Event: 22.374 GC heap after
Heap after GC invocations=4 (full 0):
 PSYoungGen      total 38400K, used 5099K [0x00000000e0000000, 0x00000000e2a80000, 0x0000000100000000)
  eden space 33280K, 0% used [0x00000000e0000000,0x00000000e0000000,0x00000000e2080000)
  from space 5120K, 99% used [0x00000000e2580000,0x00000000e2a7afe0,0x00000000e2a80000)
  to   space 5120K, 0% used [0x00000000e2080000,0x00000000e2080000,0x00000000e2580000)
 ParOldGen       total 87552K, used 7467K [0x00000000a0000000, 0x00000000a5580000, 0x00000000e0000000)
  object space 87552K, 8% used [0x00000000a0000000,0x00000000a074afe8,0x00000000a5580000)
 Metaspace       used 20774K, capacity 21100K, committed 21296K, reserved 1067008K
  class space    used 2756K, capacity 2865K, committed 2944K, reserved 1048576K
}
Event: 22.374 GC heap before
{Heap before GC invocations=5 (full 1):
 PSYoungGen      total 38400K, used 5099K [0x00000000e0000000, 0x00000000e2a80000, 0x0000000100000000)
  eden space 33280K, 0% used [0x00000000e0000000,0x00000000e0000000,0x00000000e2080000)
  from space 5120K, 99% used [0x00000000e2580000,0x00000000e2a7afe0,0x00000000e2a80000)
  to   space 5120K, 0% used [0x00000000e2080000,0x00000000e2080000,0x00000000e2580000)
 ParOldGen       total 87552K, used 7467K [0x00000000a0000000, 0x00000000a5580000, 0x00000000e0000000)
  object space 87552K, 8% used [0x00000000a0000000,0x00000000a074afe8,0x00000000a5580000)
 Metaspace       used 20774K, capacity 21100K, committed 21296K, reserved 1067008K
  class space    used 2756K, capacity 2865K, committed 2944K, reserved 1048576K
Event: 22.436 GC heap after
Heap after GC invocations=5 (full 1):
 PSYoungGen      total 38400K, used 0K [0x00000000e0000000, 0x00000000e2a80000, 0x0000000100000000)
  eden space 33280K, 0% used [0x00000000e0000000,0x00000000e0000000,0x00000000e2080000)
  from space 5120K, 0% used [0x00000000e2580000,0x00000000e2580000,0x00000000e2a80000)
  to   space 5120K, 0% used [0x00000000e2080000,0x00000000e2080000,0x00000000e2580000)
 ParOldGen       total 47616K, used 9259K [0x00000000a0000000, 0x00000000a2e80000, 0x00000000e0000000)
  object space 47616K, 19% used [0x00000000a0000000,0x00000000a090ae40,0x00000000a2e80000)
 Metaspace       used 20774K, capacity 21100K, committed 21296K, reserved 1067008K
  class space    used 2756K, capacity 2865K, committed 2944K, reserved 1048576K
}
Event: 23.853 GC heap before
{Heap before GC invocations=6 (full 1):
 PSYoungGen      total 38400K, used 33280K [0x00000000e0000000, 0x00000000e2a80000, 0x0000000100000000)
  eden space 33280K, 100% used [0x00000000e0000000,0x00000000e2080000,0x00000000e2080000)
  from space 5120K, 0% used [0x00000000e2580000,0x00000000e2580000,0x00000000e2a80000)
  to   space 5120K, 0% used [0x00000000e2080000,0x00000000e2080000,0x00000000e2580000)
 ParOldGen       total 47616K, used 9259K [0x00000000a0000000, 0x00000000a2e80000, 0x00000000e0000000)
  object space 47616K, 19% used [0x00000000a0000000,0x00000000a090ae40,0x00000000a2e80000)
 Metaspace       used 23942K, capacity 24330K, committed 24576K, reserved 1071104K
  class space    used 3203K, capacity 3294K, committed 3328K, reserved 1048576K
Event: 23.861 GC heap after
Heap after GC invocations=6 (full 1):
 PSYoungGen      total 37888K, used 4792K [0x00000000e0000000, 0x00000000e3500000, 0x0000000100000000)
  eden space 32768K, 0% used [0x00000000e0000000,0x00000000e0000000,0x00000000e2000000)
  from space 5120K, 93% used [0x00000000e2080000,0x00000000e252e158,0x00000000e2580000)
  to   space 10752K, 0% used [0x00000000e2a80000,0x00000000e2a80000,0x00000000e3500000)
 ParOldGen       total 47616K, used 9267K [0x00000000a0000000, 0x00000000a2e80000, 0x00000000e0000000)
  object space 47616K, 19% used [0x00000000a0000000,0x00000000a090ce40,0x00000000a2e80000)
 Metaspace       used 23942K, capacity 24330K, committed 24576K, reserved 1071104K
  class space    used 3203K, capacity 3294K, committed 3328K, reserved 1048576K
}
Event: 24.895 GC heap before
{Heap before GC invocations=7 (full 1):
 PSYoungGen      total 37888K, used 37560K [0x00000000e0000000, 0x00000000e3500000, 0x0000000100000000)
  eden space 32768K, 100% used [0x00000000e0000000,0x00000000e2000000,0x00000000e2000000)
  from space 5120K, 93% used [0x00000000e2080000,0x00000000e252e158,0x00000000e2580000)
  to   space 10752K, 0% used [0x00000000e2a80000,0x00000000e2a80000,0x00000000e3500000)
 ParOldGen       total 47616K, used 9267K [0x00000000a0000000, 0x00000000a2e80000, 0x00000000e0000000)
  object space 47616K, 19% used [0x00000000a0000000,0x00000000a090ce40,0x00000000a2e80000)
 Metaspace       used 26058K, capacity 26432K, committed 26752K, reserved 1073152K
  class space    used 3585K, capacity 3693K, committed 3712K, reserved 1048576K
Event: 24.906 GC heap after
Heap after GC invocations=7 (full 1):
 PSYoungGen      total 41472K, used 5166K [0x00000000e0000000, 0x00000000e3380000, 0x0000000100000000)
  eden space 32256K, 0% used [0x00000000e0000000,0x00000000e0000000,0x00000000e1f80000)
  from space 9216K, 56% used [0x00000000e2a80000,0x00000000e2f8bb40,0x00000000e3380000)
  to   space 10240K, 0% used [0x00000000e1f80000,0x00000000e1f80000,0x00000000e2980000)
 ParOldGen       total 47616K, used 9267K [0x00000000a0000000, 0x00000000a2e80000, 0x00000000e0000000)
  object space 47616K, 19% used [0x00000000a0000000,0x00000000a090ce40,0x00000000a2e80000)
 Metaspace       used 26058K, capacity 26432K, committed 26752K, reserved 1073152K
  class space    used 3585K, capacity 3693K, committed 3712K, reserved 1048576K
}

