# JRE version: OpenJDK Runtime Environment (8.0_112-b06) (build 1.8.0_112-release-b06)
# Java VM: OpenJDK 64-Bit Server VM (25.112-b06 mixed mode windows-amd64 compressed oops)
Heap:
 PSYoungGen      total 126976K, used 24364K [0x00000000e0000000, 0x00000000e9d80000, 0x0000000100000000)
  eden space 114176K, 10% used [0x00000000e0000000,0x00000000e0b52940,0x00000000e6f80000)
  from space 12800K, 99% used [0x00000000e7f80000,0x00000000e8bf86e0,0x00000000e8c00000)
  to   space 16384K, 0% used [0x00000000e6f80000,0x00000000e6f80000,0x00000000e7f80000)
 ParOldGen       total 94720K, used 20036K [0x00000000a0000000, 0x00000000a5c80000, 0x00000000e0000000)
  object space 94720K, 21% used [0x00000000a0000000,0x00000000a1391340,0x00000000a5c80000)
 Metaspace       used 49548K, capacity 51100K, committed 51328K, reserved 1093632K
  class space    used 6710K, capacity 7040K, committed 7040K, reserved 1048576K
GC Heap History (10 events):
Event: 18.930 GC heap before
{Heap before GC invocations=10 (full 1):
 PSYoungGen      total 82944K, used 46361K [0x00000000e0000000, 0x00000000e5d80000, 0x0000000100000000)
  eden space 73216K, 50% used [0x00000000e0000000,0x00000000e23c78e8,0x00000000e4780000)
  from space 9728K, 99% used [0x00000000e5280000,0x00000000e5bfee20,0x00000000e5c00000)
  to   space 11264K, 0% used [0x00000000e4780000,0x00000000e4780000,0x00000000e5280000)
 ParOldGen       total 65536K, used 9258K [0x00000000a0000000, 0x00000000a4000000, 0x00000000e0000000)
  object space 65536K, 14% used [0x00000000a0000000,0x00000000a090ab70,0x00000000a4000000)
 Metaspace       used 34709K, capacity 35306K, committed 35496K, reserved 1079296K
  class space    used 4621K, capacity 4781K, committed 4864K, reserved 1048576K
Event: 18.951 GC heap after
Heap after GC invocations=10 (full 1):
 PSYoungGen      total 84480K, used 8034K [0x00000000e0000000, 0x00000000e7a00000, 0x0000000100000000)
  eden space 73216K, 0% used [0x00000000e0000000,0x00000000e0000000,0x00000000e4780000)
  from space 11264K, 71% used [0x00000000e4780000,0x00000000e4f58878,0x00000000e5280000)
  to   space 11264K, 0% used [0x00000000e6f00000,0x00000000e6f00000,0x00000000e7a00000)
 ParOldGen       total 65536K, used 9258K [0x00000000a0000000, 0x00000000a4000000, 0x00000000e0000000)
  object space 65536K, 14% used [0x00000000a0000000,0x00000000a090ab70,0x00000000a4000000)
 Metaspace       used 34709K, capacity 35306K, committed 35496K, reserved 1079296K
  class space    used 4621K, capacity 4781K, committed 4864K, reserved 1048576K
}
Event: 18.951 GC heap before
{Heap before GC invocations=11 (full 2):
 PSYoungGen      total 84480K, used 8034K [0x00000000e0000000, 0x00000000e7a00000, 0x0000000100000000)
  eden space 73216K, 0% used [0x00000000e0000000,0x00000000e0000000,0x00000000e4780000)
  from space 11264K, 71% used [0x00000000e4780000,0x00000000e4f58878,0x00000000e5280000)
  to   space 11264K, 0% used [0x00000000e6f00000,0x00000000e6f00000,0x00000000e7a00000)
 ParOldGen       total 65536K, used 9258K [0x00000000a0000000, 0x00000000a4000000, 0x00000000e0000000)
  object space 65536K, 14% used [0x00000000a0000000,0x00000000a090ab70,0x00000000a4000000)
 Metaspace       used 34709K, capacity 35306K, committed 35496K, reserved 1079296K
  class space    used 4621K, capacity 4781K, committed 4864K, reserved 1048576K
Event: 19.134 GC heap after
Heap after GC invocations=11 (full 2):
 PSYoungGen      total 84480K, used 0K [0x00000000e0000000, 0x00000000e7a00000, 0x0000000100000000)
  eden space 73216K, 0% used [0x00000000e0000000,0x00000000e0000000,0x00000000e4780000)
  from space 11264K, 0% used [0x00000000e4780000,0x00000000e4780000,0x00000000e5280000)
  to   space 11264K, 0% used [0x00000000e6f00000,0x00000000e6f00000,0x00000000e7a00000)
 ParOldGen       total 94720K, used 14437K [0x00000000a0000000, 0x00000000a5c80000, 0x00000000e0000000)
  object space 94720K, 15% used [0x00000000a0000000,0x00000000a0e19418,0x00000000a5c80000)
 Metaspace       used 34709K, capacity 35306K, committed 35496K, reserved 1079296K
  class space    used 4621K, capacity 4781K, committed 4864K, reserved 1048576K
}
Event: 23.085 GC heap before
{Heap before GC invocations=12 (full 2):
 PSYoungGen      total 84480K, used 73216K [0x00000000e0000000, 0x00000000e7a00000, 0x0000000100000000)
  eden space 73216K, 100% used [0x00000000e0000000,0x00000000e4780000,0x00000000e4780000)
  from space 11264K, 0% used [0x00000000e4780000,0x00000000e4780000,0x00000000e5280000)
  to   space 11264K, 0% used [0x00000000e6f00000,0x00000000e6f00000,0x00000000e7a00000)
 ParOldGen       total 94720K, used 14437K [0x00000000a0000000, 0x00000000a5c80000, 0x00000000e0000000)
  object space 94720K, 15% used [0x00000000a0000000,0x00000000a0e19418,0x00000000a5c80000)
 Metaspace       used 38872K, capacity 39650K, committed 39936K, reserved 1083392K
  class space    used 5195K, capacity 5361K, committed 5376K, reserved 1048576K
Event: 23.096 GC heap after
Heap after GC invocations=12 (full 2):
 PSYoungGen      total 102912K, used 9107K [0x00000000e0000000, 0x00000000e7800000, 0x0000000100000000)
  eden space 93696K, 0% used [0x00000000e0000000,0x00000000e0000000,0x00000000e5b80000)
  from space 9216K, 98% used [0x00000000e6f00000,0x00000000e77e4d78,0x00000000e7800000)
  to   space 11776K, 0% used [0x00000000e6100000,0x00000000e6100000,0x00000000e6c80000)
 ParOldGen       total 94720K, used 14445K [0x00000000a0000000, 0x00000000a5c80000, 0x00000000e0000000)
  object space 94720K, 15% used [0x00000000a0000000,0x00000000a0e1b418,0x00000000a5c80000)
 Metaspace       used 38872K, capacity 39650K, committed 39936K, reserved 1083392K
  class space    used 5195K, capacity 5361K, committed 5376K, reserved 1048576K
}
Event: 25.509 GC heap before
{Heap before GC invocations=13 (full 2):
 PSYoungGen      total 102912K, used 102803K [0x00000000e0000000, 0x00000000e7800000, 0x0000000100000000)
  eden space 93696K, 100% used [0x00000000e0000000,0x00000000e5b80000,0x00000000e5b80000)
  from space 9216K, 98% used [0x00000000e6f00000,0x00000000e77e4d78,0x00000000e7800000)
  to   space 11776K, 0% used [0x00000000e6100000,0x00000000e6100000,0x00000000e6c80000)
 ParOldGen       total 94720K, used 14445K [0x00000000a0000000, 0x00000000a5c80000, 0x00000000e0000000)
  object space 94720K, 15% used [0x00000000a0000000,0x00000000a0e1b418,0x00000000a5c80000)
 Metaspace       used 44031K, capacity 44994K, committed 45312K, reserved 1089536K
  class space    used 5851K, capacity 6061K, committed 6144K, reserved 1048576K
Event: 25.522 GC heap after
Heap after GC invocations=13 (full 2):
 PSYoungGen      total 111104K, used 11753K [0x00000000e0000000, 0x00000000e8c00000, 0x0000000100000000)
  eden space 99328K, 0% used [0x00000000e0000000,0x00000000e0000000,0x00000000e6100000)
  from space 11776K, 99% used [0x00000000e6100000,0x00000000e6c7a728,0x00000000e6c80000)
  to   space 12800K, 0% used [0x00000000e7f80000,0x00000000e7f80000,0x00000000e8c00000)
 ParOldGen       total 94720K, used 14677K [0x00000000a0000000, 0x00000000a5c80000, 0x00000000e0000000)
  object space 94720K, 15% used [0x00000000a0000000,0x00000000a0e555a0,0x00000000a5c80000)
 Metaspace       used 44031K, capacity 44994K, committed 45312K, reserved 1089536K
  class space    used 5851K, capacity 6061K, committed 6144K, reserved 1048576K
}
Event: 28.046 GC heap before
{Heap before GC invocations=14 (full 2):
 PSYoungGen      total 111104K, used 111081K [0x00000000e0000000, 0x00000000e8c00000, 0x0000000100000000)
  eden space 99328K, 100% used [0x00000000e0000000,0x00000000e6100000,0x00000000e6100000)
  from space 11776K, 99% used [0x00000000e6100000,0x00000000e6c7a728,0x00000000e6c80000)
  to   space 12800K, 0% used [0x00000000e7f80000,0x00000000e7f80000,0x00000000e8c00000)
 ParOldGen       total 94720K, used 14677K [0x00000000a0000000, 0x00000000a5c80000, 0x00000000e0000000)
  object space 94720K, 15% used [0x00000000a0000000,0x00000000a0e555a0,0x00000000a5c80000)
 Metaspace       used 48473K, capacity 49996K, committed 50176K, reserved 1093632K
  class space    used 6558K, capacity 6906K, committed 6912K, reserved 1048576K
Event: 28.105 GC heap after
Heap after GC invocations=14 (full 2):
 PSYoungGen      total 126976K, used 12769K [0x00000000e0000000, 0x00000000e9d80000, 0x0000000100000000)
  eden space 114176K, 0% used [0x00000000e0000000,0x00000000e0000000,0x00000000e6f80000)
  from space 12800K, 99% used [0x00000000e7f80000,0x00000000e8bf86e0,0x00000000e8c00000)
  to   space 16384K, 0% used [0x00000000e6f80000,0x00000000e6f80000,0x00000000e7f80000)
 ParOldGen       total 94720K, used 20036K [0x00000000a0000000, 0x00000000a5c80000, 0x00000000e0000000)
  object space 94720K, 21% used [0x00000000a0000000,0x00000000a1391340,0x00000000a5c80000)
 Metaspace       used 48473K, capacity 49996K, committed 50176K, reserved 1093632K
  class space    used 6558K, capacity 6906K, committed 6912K, reserved 1048576K
}

