# JRE version: OpenJDK Runtime Environment (8.0_112-b06) (build 1.8.0_112-release-b06)
# Java VM: OpenJDK 64-Bit Server VM (25.112-b06 mixed mode windows-amd64 compressed oops)
Heap:
 PSYoungGen      total 53760K, used 18013K [0x00000000e0000000, 0x00000000e5680000, 0x0000000100000000)
  eden space 44032K, 40% used [0x00000000e0000000,0x00000000e11974a8,0x00000000e2b00000)
  from space 9728K, 0% used [0x00000000e2b00000,0x00000000e2b00000,0x00000000e3480000)
  to   space 10240K, 0% used [0x00000000e4c80000,0x00000000e4c80000,0x00000000e5680000)
 ParOldGen       total 61952K, used 13989K [0x00000000a0000000, 0x00000000a3c80000, 0x00000000e0000000)
  object space 61952K, 22% used [0x00000000a0000000,0x00000000a0da97b8,0x00000000a3c80000)
 Metaspace       used 36834K, capacity 37496K, committed 37888K, reserved 1081344K
  class space    used 4883K, capacity 5052K, committed 5120K, reserved 1048576K
GC Heap History (10 events):
Event: 23.890 GC heap before
{Heap before GC invocations=9 (full 1):
 PSYoungGen      total 37376K, used 37324K [0x00000000e0000000, 0x00000000e3200000, 0x0000000100000000)
  eden space 31744K, 100% used [0x00000000e0000000,0x00000000e1f00000,0x00000000e1f00000)
  from space 5632K, 99% used [0x00000000e1f80000,0x00000000e24f3290,0x00000000e2500000)
  to   space 9728K, 0% used [0x00000000e2880000,0x00000000e2880000,0x00000000e3200000)
 ParOldGen       total 47616K, used 9229K [0x00000000a0000000, 0x00000000a2e80000, 0x00000000e0000000)
  object space 47616K, 19% used [0x00000000a0000000,0x00000000a0903590,0x00000000a2e80000)
 Metaspace       used 29485K, capacity 30020K, committed 30336K, reserved 1075200K
  class space    used 3988K, capacity 4145K, committed 4224K, reserved 1048576K
Event: 23.896 GC heap after
Heap after GC invocations=9 (full 1):
 PSYoungGen      total 40448K, used 4740K [0x00000000e0000000, 0x00000000e3180000, 0x0000000100000000)
  eden space 31232K, 0% used [0x00000000e0000000,0x00000000e0000000,0x00000000e1e80000)
  from space 9216K, 51% used [0x00000000e2880000,0x00000000e2d21030,0x00000000e3180000)
  to   space 9728K, 0% used [0x00000000e1e80000,0x00000000e1e80000,0x00000000e2800000)
 ParOldGen       total 47616K, used 9301K [0x00000000a0000000, 0x00000000a2e80000, 0x00000000e0000000)
  object space 47616K, 19% used [0x00000000a0000000,0x00000000a09155a0,0x00000000a2e80000)
 Metaspace       used 29485K, capacity 30020K, committed 30336K, reserved 1075200K
  class space    used 3988K, capacity 4145K, committed 4224K, reserved 1048576K
}
Event: 24.892 GC heap before
{Heap before GC invocations=10 (full 1):
 PSYoungGen      total 40448K, used 35972K [0x00000000e0000000, 0x00000000e3180000, 0x0000000100000000)
  eden space 31232K, 100% used [0x00000000e0000000,0x00000000e1e80000,0x00000000e1e80000)
  from space 9216K, 51% used [0x00000000e2880000,0x00000000e2d21030,0x00000000e3180000)
  to   space 9728K, 0% used [0x00000000e1e80000,0x00000000e1e80000,0x00000000e2800000)
 ParOldGen       total 47616K, used 9301K [0x00000000a0000000, 0x00000000a2e80000, 0x00000000e0000000)
  object space 47616K, 19% used [0x00000000a0000000,0x00000000a09155a0,0x00000000a2e80000)
 Metaspace       used 33623K, capacity 34244K, committed 34432K, reserved 1079296K
  class space    used 4497K, capacity 4684K, committed 4736K, reserved 1048576K
Event: 24.902 GC heap after
Heap after GC invocations=10 (full 1):
 PSYoungGen      total 40960K, used 7363K [0x00000000e0000000, 0x00000000e3e00000, 0x0000000100000000)
  eden space 31232K, 0% used [0x00000000e0000000,0x00000000e0000000,0x00000000e1e80000)
  from space 9728K, 75% used [0x00000000e1e80000,0x00000000e25b0ef8,0x00000000e2800000)
  to   space 9728K, 0% used [0x00000000e3480000,0x00000000e3480000,0x00000000e3e00000)
 ParOldGen       total 47616K, used 11237K [0x00000000a0000000, 0x00000000a2e80000, 0x00000000e0000000)
  object space 47616K, 23% used [0x00000000a0000000,0x00000000a0af9610,0x00000000a2e80000)
 Metaspace       used 33623K, capacity 34244K, committed 34432K, reserved 1079296K
  class space    used 4497K, capacity 4684K, committed 4736K, reserved 1048576K
}
Event: 25.290 GC heap before
{Heap before GC invocations=11 (full 1):
 PSYoungGen      total 40960K, used 38595K [0x00000000e0000000, 0x00000000e3e00000, 0x0000000100000000)
  eden space 31232K, 100% used [0x00000000e0000000,0x00000000e1e80000,0x00000000e1e80000)
  from space 9728K, 75% used [0x00000000e1e80000,0x00000000e25b0ef8,0x00000000e2800000)
  to   space 9728K, 0% used [0x00000000e3480000,0x00000000e3480000,0x00000000e3e00000)
 ParOldGen       total 47616K, used 11237K [0x00000000a0000000, 0x00000000a2e80000, 0x00000000e0000000)
  object space 47616K, 23% used [0x00000000a0000000,0x00000000a0af9610,0x00000000a2e80000)
 Metaspace       used 34578K, capacity 35242K, committed 35496K, reserved 1079296K
  class space    used 4605K, capacity 4781K, committed 4864K, reserved 1048576K
Event: 25.303 GC heap after
Heap after GC invocations=11 (full 1):
 PSYoungGen      total 53760K, used 4295K [0x00000000e0000000, 0x00000000e4080000, 0x0000000100000000)
  eden space 44032K, 0% used [0x00000000e0000000,0x00000000e0000000,0x00000000e2b00000)
  from space 9728K, 44% used [0x00000000e3480000,0x00000000e38b1f10,0x00000000e3e00000)
  to   space 9728K, 0% used [0x00000000e2b00000,0x00000000e2b00000,0x00000000e3480000)
 ParOldGen       total 47616K, used 13131K [0x00000000a0000000, 0x00000000a2e80000, 0x00000000e0000000)
  object space 47616K, 27% used [0x00000000a0000000,0x00000000a0cd2d50,0x00000000a2e80000)
 Metaspace       used 34578K, capacity 35242K, committed 35496K, reserved 1079296K
  class space    used 4605K, capacity 4781K, committed 4864K, reserved 1048576K
}
Event: 25.403 GC heap before
{Heap before GC invocations=12 (full 1):
 PSYoungGen      total 53760K, used 11118K [0x00000000e0000000, 0x00000000e4080000, 0x0000000100000000)
  eden space 44032K, 15% used [0x00000000e0000000,0x00000000e06a9c38,0x00000000e2b00000)
  from space 9728K, 44% used [0x00000000e3480000,0x00000000e38b1f10,0x00000000e3e00000)
  to   space 9728K, 0% used [0x00000000e2b00000,0x00000000e2b00000,0x00000000e3480000)
 ParOldGen       total 47616K, used 13131K [0x00000000a0000000, 0x00000000a2e80000, 0x00000000e0000000)
  object space 47616K, 27% used [0x00000000a0000000,0x00000000a0cd2d50,0x00000000a2e80000)
 Metaspace       used 34712K, capacity 35338K, committed 35496K, reserved 1079296K
  class space    used 4623K, capacity 4813K, committed 4864K, reserved 1048576K
Event: 25.412 GC heap after
Heap after GC invocations=12 (full 1):
 PSYoungGen      total 53760K, used 1536K [0x00000000e0000000, 0x00000000e5680000, 0x0000000100000000)
  eden space 44032K, 0% used [0x00000000e0000000,0x00000000e0000000,0x00000000e2b00000)
  from space 9728K, 15% used [0x00000000e2b00000,0x00000000e2c80000,0x00000000e3480000)
  to   space 10240K, 0% used [0x00000000e4c80000,0x00000000e4c80000,0x00000000e5680000)
 ParOldGen       total 47616K, used 15463K [0x00000000a0000000, 0x00000000a2e80000, 0x00000000e0000000)
  object space 47616K, 32% used [0x00000000a0000000,0x00000000a0f19dd0,0x00000000a2e80000)
 Metaspace       used 34712K, capacity 35338K, committed 35496K, reserved 1079296K
  class space    used 4623K, capacity 4813K, committed 4864K, reserved 1048576K
}
Event: 25.412 GC heap before
{Heap before GC invocations=13 (full 2):
 PSYoungGen      total 53760K, used 1536K [0x00000000e0000000, 0x00000000e5680000, 0x0000000100000000)
  eden space 44032K, 0% used [0x00000000e0000000,0x00000000e0000000,0x00000000e2b00000)
  from space 9728K, 15% used [0x00000000e2b00000,0x00000000e2c80000,0x00000000e3480000)
  to   space 10240K, 0% used [0x00000000e4c80000,0x00000000e4c80000,0x00000000e5680000)
 ParOldGen       total 47616K, used 15463K [0x00000000a0000000, 0x00000000a2e80000, 0x00000000e0000000)
  object space 47616K, 32% used [0x00000000a0000000,0x00000000a0f19dd0,0x00000000a2e80000)
 Metaspace       used 34712K, capacity 35338K, committed 35496K, reserved 1079296K
  class space    used 4623K, capacity 4813K, committed 4864K, reserved 1048576K
Event: 25.561 GC heap after
Heap after GC invocations=13 (full 2):
 PSYoungGen      total 53760K, used 0K [0x00000000e0000000, 0x00000000e5680000, 0x0000000100000000)
  eden space 44032K, 0% used [0x00000000e0000000,0x00000000e0000000,0x00000000e2b00000)
  from space 9728K, 0% used [0x00000000e2b00000,0x00000000e2b00000,0x00000000e3480000)
  to   space 10240K, 0% used [0x00000000e4c80000,0x00000000e4c80000,0x00000000e5680000)
 ParOldGen       total 61952K, used 13989K [0x00000000a0000000, 0x00000000a3c80000, 0x00000000e0000000)
  object space 61952K, 22% used [0x00000000a0000000,0x00000000a0da97b8,0x00000000a3c80000)
 Metaspace       used 34712K, capacity 35338K, committed 35496K, reserved 1079296K
  class space    used 4623K, capacity 4813K, committed 4864K, reserved 1048576K
}

