# JRE version: OpenJDK Runtime Environment (8.0_112-b06) (build 1.8.0_112-release-b06)
# Java VM: OpenJDK 64-Bit Server VM (25.112-b06 mixed mode windows-amd64 compressed oops)
Heap:
 PSYoungGen      total 121856K, used 91797K [0x00000000e0000000, 0x00000000e8480000, 0x0000000100000000)
  eden space 110080K, 73% used [0x00000000e0000000,0x00000000e4efe3c0,0x00000000e6b80000)
  from space 11776K, 92% used [0x00000000e7880000,0x00000000e8327240,0x00000000e8400000)
  to   space 12800K, 0% used [0x00000000e6b80000,0x00000000e6b80000,0x00000000e7800000)
 ParOldGen       total 58368K, used 14042K [0x00000000a0000000, 0x00000000a3900000, 0x00000000e0000000)
  object space 58368K, 24% used [0x00000000a0000000,0x00000000a0db6b48,0x00000000a3900000)
 Metaspace       used 47116K, capacity 48524K, committed 48768K, reserved 1091584K
  class space    used 6353K, capacity 6669K, committed 6784K, reserved 1048576K
GC Heap History (10 events):
Event: 19.729 GC heap before
{Heap before GC invocations=10 (full 1):
 PSYoungGen      total 64000K, used 59452K [0x00000000e0000000, 0x00000000e4800000, 0x0000000100000000)
  eden space 54272K, 100% used [0x00000000e0000000,0x00000000e3500000,0x00000000e3500000)
  from space 9728K, 53% used [0x00000000e3e80000,0x00000000e438f2e8,0x00000000e4800000)
  to   space 9728K, 0% used [0x00000000e3500000,0x00000000e3500000,0x00000000e3e80000)
 ParOldGen       total 47616K, used 9196K [0x00000000a0000000, 0x00000000a2e80000, 0x00000000e0000000)
  object space 47616K, 19% used [0x00000000a0000000,0x00000000a08fb3a0,0x00000000a2e80000)
 Metaspace       used 34517K, capacity 35114K, committed 35328K, reserved 1079296K
  class space    used 4600K, capacity 4781K, committed 4864K, reserved 1048576K
Event: 19.747 GC heap after
Heap after GC invocations=10 (full 1):
 PSYoungGen      total 64000K, used 9710K [0x00000000e0000000, 0x00000000e6080000, 0x0000000100000000)
  eden space 54272K, 0% used [0x00000000e0000000,0x00000000e0000000,0x00000000e3500000)
  from space 9728K, 99% used [0x00000000e3500000,0x00000000e3e7b800,0x00000000e3e80000)
  to   space 11264K, 0% used [0x00000000e5580000,0x00000000e5580000,0x00000000e6080000)
 ParOldGen       total 47616K, used 10182K [0x00000000a0000000, 0x00000000a2e80000, 0x00000000e0000000)
  object space 47616K, 21% used [0x00000000a0000000,0x00000000a09f1858,0x00000000a2e80000)
 Metaspace       used 34517K, capacity 35114K, committed 35328K, reserved 1079296K
  class space    used 4600K, capacity 4781K, committed 4864K, reserved 1048576K
}
Event: 19.846 GC heap before
{Heap before GC invocations=11 (full 1):
 PSYoungGen      total 64000K, used 23152K [0x00000000e0000000, 0x00000000e6080000, 0x0000000100000000)
  eden space 54272K, 24% used [0x00000000e0000000,0x00000000e0d208e8,0x00000000e3500000)
  from space 9728K, 99% used [0x00000000e3500000,0x00000000e3e7b800,0x00000000e3e80000)
  to   space 11264K, 0% used [0x00000000e5580000,0x00000000e5580000,0x00000000e6080000)
 ParOldGen       total 47616K, used 10182K [0x00000000a0000000, 0x00000000a2e80000, 0x00000000e0000000)
  object space 47616K, 21% used [0x00000000a0000000,0x00000000a09f1858,0x00000000a2e80000)
 Metaspace       used 34697K, capacity 35338K, committed 35496K, reserved 1079296K
  class space    used 4626K, capacity 4813K, committed 4864K, reserved 1048576K
Event: 19.873 GC heap after
Heap after GC invocations=11 (full 1):
 PSYoungGen      total 87552K, used 4368K [0x00000000e0000000, 0x00000000e6900000, 0x0000000100000000)
  eden space 76288K, 0% used [0x00000000e0000000,0x00000000e0000000,0x00000000e4a80000)
  from space 11264K, 38% used [0x00000000e5580000,0x00000000e59c4010,0x00000000e6080000)
  to   space 11264K, 0% used [0x00000000e4a80000,0x00000000e4a80000,0x00000000e5580000)
 ParOldGen       total 47616K, used 13474K [0x00000000a0000000, 0x00000000a2e80000, 0x00000000e0000000)
  object space 47616K, 28% used [0x00000000a0000000,0x00000000a0d288d8,0x00000000a2e80000)
 Metaspace       used 34697K, capacity 35338K, committed 35496K, reserved 1079296K
  class space    used 4626K, capacity 4813K, committed 4864K, reserved 1048576K
}
Event: 19.873 GC heap before
{Heap before GC invocations=12 (full 2):
 PSYoungGen      total 87552K, used 4368K [0x00000000e0000000, 0x00000000e6900000, 0x0000000100000000)
  eden space 76288K, 0% used [0x00000000e0000000,0x00000000e0000000,0x00000000e4a80000)
  from space 11264K, 38% used [0x00000000e5580000,0x00000000e59c4010,0x00000000e6080000)
  to   space 11264K, 0% used [0x00000000e4a80000,0x00000000e4a80000,0x00000000e5580000)
 ParOldGen       total 47616K, used 13474K [0x00000000a0000000, 0x00000000a2e80000, 0x00000000e0000000)
  object space 47616K, 28% used [0x00000000a0000000,0x00000000a0d288d8,0x00000000a2e80000)
 Metaspace       used 34697K, capacity 35338K, committed 35496K, reserved 1079296K
  class space    used 4626K, capacity 4813K, committed 4864K, reserved 1048576K
Event: 20.022 GC heap after
Heap after GC invocations=12 (full 2):
 PSYoungGen      total 87552K, used 0K [0x00000000e0000000, 0x00000000e6900000, 0x0000000100000000)
  eden space 76288K, 0% used [0x00000000e0000000,0x00000000e0000000,0x00000000e4a80000)
  from space 11264K, 0% used [0x00000000e5580000,0x00000000e5580000,0x00000000e6080000)
  to   space 11264K, 0% used [0x00000000e4a80000,0x00000000e4a80000,0x00000000e5580000)
 ParOldGen       total 58368K, used 14026K [0x00000000a0000000, 0x00000000a3900000, 0x00000000e0000000)
  object space 58368K, 24% used [0x00000000a0000000,0x00000000a0db2b48,0x00000000a3900000)
 Metaspace       used 34697K, capacity 35338K, committed 35496K, reserved 1079296K
  class space    used 4626K, capacity 4813K, committed 4864K, reserved 1048576K
}
Event: 21.770 GC heap before
{Heap before GC invocations=13 (full 2):
 PSYoungGen      total 87552K, used 76288K [0x00000000e0000000, 0x00000000e6900000, 0x0000000100000000)
  eden space 76288K, 100% used [0x00000000e0000000,0x00000000e4a80000,0x00000000e4a80000)
  from space 11264K, 0% used [0x00000000e5580000,0x00000000e5580000,0x00000000e6080000)
  to   space 11264K, 0% used [0x00000000e4a80000,0x00000000e4a80000,0x00000000e5580000)
 ParOldGen       total 58368K, used 14026K [0x00000000a0000000, 0x00000000a3900000, 0x00000000e0000000)
  object space 58368K, 24% used [0x00000000a0000000,0x00000000a0db2b48,0x00000000a3900000)
 Metaspace       used 40026K, capacity 40842K, committed 40960K, reserved 1085440K
  class space    used 5388K, capacity 5596K, committed 5632K, reserved 1048576K
Event: 21.785 GC heap after
Heap after GC invocations=13 (full 2):
 PSYoungGen      total 87552K, used 9408K [0x00000000e0000000, 0x00000000e8400000, 0x0000000100000000)
  eden space 76288K, 0% used [0x00000000e0000000,0x00000000e0000000,0x00000000e4a80000)
  from space 11264K, 83% used [0x00000000e4a80000,0x00000000e53b01a0,0x00000000e5580000)
  to   space 11776K, 0% used [0x00000000e7880000,0x00000000e7880000,0x00000000e8400000)
 ParOldGen       total 58368K, used 14034K [0x00000000a0000000, 0x00000000a3900000, 0x00000000e0000000)
  object space 58368K, 24% used [0x00000000a0000000,0x00000000a0db4b48,0x00000000a3900000)
 Metaspace       used 40026K, capacity 40842K, committed 40960K, reserved 1085440K
  class space    used 5388K, capacity 5596K, committed 5632K, reserved 1048576K
}
Event: 22.920 GC heap before
{Heap before GC invocations=14 (full 2):
 PSYoungGen      total 87552K, used 85696K [0x00000000e0000000, 0x00000000e8400000, 0x0000000100000000)
  eden space 76288K, 100% used [0x00000000e0000000,0x00000000e4a80000,0x00000000e4a80000)
  from space 11264K, 83% used [0x00000000e4a80000,0x00000000e53b01a0,0x00000000e5580000)
  to   space 11776K, 0% used [0x00000000e7880000,0x00000000e7880000,0x00000000e8400000)
 ParOldGen       total 58368K, used 14034K [0x00000000a0000000, 0x00000000a3900000, 0x00000000e0000000)
  object space 58368K, 24% used [0x00000000a0000000,0x00000000a0db4b48,0x00000000a3900000)
 Metaspace       used 43140K, capacity 44004K, committed 44160K, reserved 1087488K
  class space    used 5739K, capacity 5949K, committed 6016K, reserved 1048576K
Event: 22.936 GC heap after
Heap after GC invocations=14 (full 2):
 PSYoungGen      total 121856K, used 10908K [0x00000000e0000000, 0x00000000e8480000, 0x0000000100000000)
  eden space 110080K, 0% used [0x00000000e0000000,0x00000000e0000000,0x00000000e6b80000)
  from space 11776K, 92% used [0x00000000e7880000,0x00000000e8327240,0x00000000e8400000)
  to   space 12800K, 0% used [0x00000000e6b80000,0x00000000e6b80000,0x00000000e7800000)
 ParOldGen       total 58368K, used 14042K [0x00000000a0000000, 0x00000000a3900000, 0x00000000e0000000)
  object space 58368K, 24% used [0x00000000a0000000,0x00000000a0db6b48,0x00000000a3900000)
 Metaspace       used 43140K, capacity 44004K, committed 44160K, reserved 1087488K
  class space    used 5739K, capacity 5949K, committed 6016K, reserved 1048576K
}

