# JRE version: OpenJDK Runtime Environment (8.0_112-b06) (build 1.8.0_112-release-b06)
# Java VM: OpenJDK 64-Bit Server VM (25.112-b06 mixed mode windows-amd64 compressed oops)
Heap:
 PSYoungGen      total 154624K, used 9713K [0x00000000e0000000, 0x00000000eca00000, 0x0000000100000000)
  eden space 128000K, 5% used [0x00000000e0000000,0x00000000e06f1e70,0x00000000e7d00000)
  from space 26624K, 9% used [0x00000000e7d00000,0x00000000e7f8a668,0x00000000e9700000)
  to   space 26624K, 0% used [0x00000000eb000000,0x00000000eb000000,0x00000000eca00000)
 ParOldGen       total 159744K, used 38330K [0x00000000a0000000, 0x00000000a9c00000, 0x00000000e0000000)
  object space 159744K, 23% used [0x00000000a0000000,0x00000000a256eab0,0x00000000a9c00000)
 Metaspace       used 59196K, capacity 61144K, committed 61312K, reserved 1101824K
  class space    used 7805K, capacity 8241K, committed 8320K, reserved 1048576K
GC Heap History (10 events):
Event: 22.348 GC heap before
{Heap before GC invocations=14 (full 2):
 PSYoungGen      total 100352K, used 100329K [0x00000000e0000000, 0x00000000e8400000, 0x0000000100000000)
  eden space 89088K, 100% used [0x00000000e0000000,0x00000000e5700000,0x00000000e5700000)
  from space 11264K, 99% used [0x00000000e5700000,0x00000000e61fa578,0x00000000e6200000)
  to   space 12800K, 0% used [0x00000000e7780000,0x00000000e7780000,0x00000000e8400000)
 ParOldGen       total 100352K, used 14854K [0x00000000a0000000, 0x00000000a6200000, 0x00000000e0000000)
  object space 100352K, 14% used [0x00000000a0000000,0x00000000a0e81a00,0x00000000a6200000)
 Metaspace       used 47585K, capacity 49106K, committed 49280K, reserved 1091584K
  class space    used 6414K, capacity 6723K, committed 6784K, reserved 1048576K
Event: 22.388 GC heap after
Heap after GC invocations=14 (full 2):
 PSYoungGen      total 119808K, used 12785K [0x00000000e0000000, 0x00000000e8b80000, 0x0000000100000000)
  eden space 107008K, 0% used [0x00000000e0000000,0x00000000e0000000,0x00000000e6880000)
  from space 12800K, 99% used [0x00000000e7780000,0x00000000e83fc6e0,0x00000000e8400000)
  to   space 15360K, 0% used [0x00000000e6880000,0x00000000e6880000,0x00000000e7780000)
 ParOldGen       total 100352K, used 18324K [0x00000000a0000000, 0x00000000a6200000, 0x00000000e0000000)
  object space 100352K, 18% used [0x00000000a0000000,0x00000000a11e5188,0x00000000a6200000)
 Metaspace       used 47585K, capacity 49106K, committed 49280K, reserved 1091584K
  class space    used 6414K, capacity 6723K, committed 6784K, reserved 1048576K
}
Event: 25.921 GC heap before
{Heap before GC invocations=15 (full 2):
 PSYoungGen      total 119808K, used 119793K [0x00000000e0000000, 0x00000000e8b80000, 0x0000000100000000)
  eden space 107008K, 100% used [0x00000000e0000000,0x00000000e6880000,0x00000000e6880000)
  from space 12800K, 99% used [0x00000000e7780000,0x00000000e83fc6e0,0x00000000e8400000)
  to   space 15360K, 0% used [0x00000000e6880000,0x00000000e6880000,0x00000000e7780000)
 ParOldGen       total 100352K, used 18324K [0x00000000a0000000, 0x00000000a6200000, 0x00000000e0000000)
  object space 100352K, 18% used [0x00000000a0000000,0x00000000a11e5188,0x00000000a6200000)
 Metaspace       used 55156K, capacity 56834K, committed 56960K, reserved 1097728K
  class space    used 7415K, capacity 7793K, committed 7808K, reserved 1048576K
Event: 25.951 GC heap after
Heap after GC invocations=15 (full 2):
 PSYoungGen      total 122368K, used 15332K [0x00000000e0000000, 0x00000000eac00000, 0x0000000100000000)
  eden space 107008K, 0% used [0x00000000e0000000,0x00000000e0000000,0x00000000e6880000)
  from space 15360K, 99% used [0x00000000e6880000,0x00000000e7779370,0x00000000e7780000)
  to   space 21504K, 0% used [0x00000000e9700000,0x00000000e9700000,0x00000000eac00000)
 ParOldGen       total 100352K, used 30254K [0x00000000a0000000, 0x00000000a6200000, 0x00000000e0000000)
  object space 100352K, 30% used [0x00000000a0000000,0x00000000a1d8b858,0x00000000a6200000)
 Metaspace       used 55156K, capacity 56834K, committed 56960K, reserved 1097728K
  class space    used 7415K, capacity 7793K, committed 7808K, reserved 1048576K
}
Event: 28.472 GC heap before
{Heap before GC invocations=16 (full 2):
 PSYoungGen      total 122368K, used 91333K [0x00000000e0000000, 0x00000000eac00000, 0x0000000100000000)
  eden space 107008K, 71% used [0x00000000e0000000,0x00000000e4a382e0,0x00000000e6880000)
  from space 15360K, 99% used [0x00000000e6880000,0x00000000e7779370,0x00000000e7780000)
  to   space 21504K, 0% used [0x00000000e9700000,0x00000000e9700000,0x00000000eac00000)
 ParOldGen       total 100352K, used 30254K [0x00000000a0000000, 0x00000000a6200000, 0x00000000e0000000)
  object space 100352K, 30% used [0x00000000a0000000,0x00000000a1d8b858,0x00000000a6200000)
 Metaspace       used 57428K, capacity 59110K, committed 59160K, reserved 1099776K
  class space    used 7613K, capacity 8031K, committed 8064K, reserved 1048576K
Event: 28.505 GC heap after
Heap after GC invocations=16 (full 2):
 PSYoungGen      total 149504K, used 21478K [0x00000000e0000000, 0x00000000eb600000, 0x0000000100000000)
  eden space 128000K, 0% used [0x00000000e0000000,0x00000000e0000000,0x00000000e7d00000)
  from space 21504K, 99% used [0x00000000e9700000,0x00000000eabf99a8,0x00000000eac00000)
  to   space 26624K, 0% used [0x00000000e7d00000,0x00000000e7d00000,0x00000000e9700000)
 ParOldGen       total 100352K, used 34633K [0x00000000a0000000, 0x00000000a6200000, 0x00000000e0000000)
  object space 100352K, 34% used [0x00000000a0000000,0x00000000a21d25f0,0x00000000a6200000)
 Metaspace       used 57428K, capacity 59110K, committed 59160K, reserved 1099776K
  class space    used 7613K, capacity 8031K, committed 8064K, reserved 1048576K
}
Event: 28.505 GC heap before
{Heap before GC invocations=17 (full 3):
 PSYoungGen      total 149504K, used 21478K [0x00000000e0000000, 0x00000000eb600000, 0x0000000100000000)
  eden space 128000K, 0% used [0x00000000e0000000,0x00000000e0000000,0x00000000e7d00000)
  from space 21504K, 99% used [0x00000000e9700000,0x00000000eabf99a8,0x00000000eac00000)
  to   space 26624K, 0% used [0x00000000e7d00000,0x00000000e7d00000,0x00000000e9700000)
 ParOldGen       total 100352K, used 34633K [0x00000000a0000000, 0x00000000a6200000, 0x00000000e0000000)
  object space 100352K, 34% used [0x00000000a0000000,0x00000000a21d25f0,0x00000000a6200000)
 Metaspace       used 57428K, capacity 59110K, committed 59160K, reserved 1099776K
  class space    used 7613K, capacity 8031K, committed 8064K, reserved 1048576K
Event: 28.873 GC heap after
Heap after GC invocations=17 (full 3):
 PSYoungGen      total 149504K, used 0K [0x00000000e0000000, 0x00000000eb600000, 0x0000000100000000)
  eden space 128000K, 0% used [0x00000000e0000000,0x00000000e0000000,0x00000000e7d00000)
  from space 21504K, 0% used [0x00000000e9700000,0x00000000e9700000,0x00000000eac00000)
  to   space 26624K, 0% used [0x00000000e7d00000,0x00000000e7d00000,0x00000000e9700000)
 ParOldGen       total 159744K, used 38322K [0x00000000a0000000, 0x00000000a9c00000, 0x00000000e0000000)
  object space 159744K, 23% used [0x00000000a0000000,0x00000000a256cab0,0x00000000a9c00000)
 Metaspace       used 57428K, capacity 59110K, committed 59160K, reserved 1099776K
  class space    used 7613K, capacity 8031K, committed 8064K, reserved 1048576K
}
Event: 30.876 GC heap before
{Heap before GC invocations=18 (full 3):
 PSYoungGen      total 149504K, used 128000K [0x00000000e0000000, 0x00000000eb600000, 0x0000000100000000)
  eden space 128000K, 100% used [0x00000000e0000000,0x00000000e7d00000,0x00000000e7d00000)
  from space 21504K, 0% used [0x00000000e9700000,0x00000000e9700000,0x00000000eac00000)
  to   space 26624K, 0% used [0x00000000e7d00000,0x00000000e7d00000,0x00000000e9700000)
 ParOldGen       total 159744K, used 38322K [0x00000000a0000000, 0x00000000a9c00000, 0x00000000e0000000)
  object space 159744K, 23% used [0x00000000a0000000,0x00000000a256cab0,0x00000000a9c00000)
 Metaspace       used 59120K, capacity 60992K, committed 61312K, reserved 1101824K
  class space    used 7799K, capacity 8237K, committed 8320K, reserved 1048576K
Event: 30.886 GC heap after
Heap after GC invocations=18 (full 3):
 PSYoungGen      total 154624K, used 2601K [0x00000000e0000000, 0x00000000eca00000, 0x0000000100000000)
  eden space 128000K, 0% used [0x00000000e0000000,0x00000000e0000000,0x00000000e7d00000)
  from space 26624K, 9% used [0x00000000e7d00000,0x00000000e7f8a668,0x00000000e9700000)
  to   space 26624K, 0% used [0x00000000eb000000,0x00000000eb000000,0x00000000eca00000)
 ParOldGen       total 159744K, used 38330K [0x00000000a0000000, 0x00000000a9c00000, 0x00000000e0000000)
  object space 159744K, 23% used [0x00000000a0000000,0x00000000a256eab0,0x00000000a9c00000)
 Metaspace       used 59120K, capacity 60992K, committed 61312K, reserved 1101824K
  class space    used 7799K, capacity 8237K, committed 8320K, reserved 1048576K
}

