# JRE version: OpenJDK Runtime Environment (8.0_112-b06) (build 1.8.0_112-release-b06)
# Java VM: OpenJDK 64-Bit Server VM (25.112-b06 mixed mode windows-amd64 compressed oops)
Heap:
 PSYoungGen      total 147968K, used 123920K [0x00000000e0000000, 0x00000000ebc80000, 0x0000000100000000)
  eden space 125440K, 98% used [0x00000000e0000000,0x00000000e7904260,0x00000000e7a80000)
  from space 22528K, 0% used [0x00000000e9780000,0x00000000e9780000,0x00000000ead80000)
  to   space 29696K, 0% used [0x00000000e7a80000,0x00000000e7a80000,0x00000000e9780000)
 ParOldGen       total 167424K, used 43523K [0x00000000a0000000, 0x00000000aa380000, 0x00000000e0000000)
  object space 167424K, 25% used [0x00000000a0000000,0x00000000a2a80ef0,0x00000000aa380000)
 Metaspace       used 60502K, capacity 62094K, committed 62208K, reserved 1103872K
  class space    used 7793K, capacity 8168K, committed 8192K, reserved 1048576K
GC Heap History (10 events):
Event: 17.147 GC heap before
{Heap before GC invocations=13 (full 2):
 PSYoungGen      total 98304K, used 98267K [0x00000000e0000000, 0x00000000e7400000, 0x0000000100000000)
  eden space 89600K, 100% used [0x00000000e0000000,0x00000000e5780000,0x00000000e5780000)
  from space 8704K, 99% used [0x00000000e6b80000,0x00000000e73f6ec8,0x00000000e7400000)
  to   space 11264K, 0% used [0x00000000e5e00000,0x00000000e5e00000,0x00000000e6900000)
 ParOldGen       total 99840K, used 14522K [0x00000000a0000000, 0x00000000a6180000, 0x00000000e0000000)
  object space 99840K, 14% used [0x00000000a0000000,0x00000000a0e2e9c8,0x00000000a6180000)
 Metaspace       used 43132K, capacity 44010K, committed 44160K, reserved 1087488K
  class space    used 5734K, capacity 5950K, committed 6016K, reserved 1048576K
Event: 17.171 GC heap after
Heap after GC invocations=13 (full 2):
 PSYoungGen      total 107520K, used 11251K [0x00000000e0000000, 0x00000000e8600000, 0x0000000100000000)
  eden space 96256K, 0% used [0x00000000e0000000,0x00000000e0000000,0x00000000e5e00000)
  from space 11264K, 99% used [0x00000000e5e00000,0x00000000e68fcfd8,0x00000000e6900000)
  to   space 12800K, 0% used [0x00000000e7980000,0x00000000e7980000,0x00000000e8600000)
 ParOldGen       total 99840K, used 14735K [0x00000000a0000000, 0x00000000a6180000, 0x00000000e0000000)
  object space 99840K, 14% used [0x00000000a0000000,0x00000000a0e63e98,0x00000000a6180000)
 Metaspace       used 43132K, capacity 44010K, committed 44160K, reserved 1087488K
  class space    used 5734K, capacity 5950K, committed 6016K, reserved 1048576K
}
Event: 20.332 GC heap before
{Heap before GC invocations=14 (full 2):
 PSYoungGen      total 107520K, used 107507K [0x00000000e0000000, 0x00000000e8600000, 0x0000000100000000)
  eden space 96256K, 100% used [0x00000000e0000000,0x00000000e5e00000,0x00000000e5e00000)
  from space 11264K, 99% used [0x00000000e5e00000,0x00000000e68fcfd8,0x00000000e6900000)
  to   space 12800K, 0% used [0x00000000e7980000,0x00000000e7980000,0x00000000e8600000)
 ParOldGen       total 99840K, used 14735K [0x00000000a0000000, 0x00000000a6180000, 0x00000000e0000000)
  object space 99840K, 14% used [0x00000000a0000000,0x00000000a0e63e98,0x00000000a6180000)
 Metaspace       used 48054K, capacity 49436K, committed 49536K, reserved 1091584K
  class space    used 6453K, capacity 6775K, committed 6784K, reserved 1048576K
Event: 20.364 GC heap after
Heap after GC invocations=14 (full 2):
 PSYoungGen      total 121344K, used 12769K [0x00000000e0000000, 0x00000000e9300000, 0x0000000100000000)
  eden space 108544K, 0% used [0x00000000e0000000,0x00000000e0000000,0x00000000e6a00000)
  from space 12800K, 99% used [0x00000000e7980000,0x00000000e85f86f0,0x00000000e8600000)
  to   space 15872K, 0% used [0x00000000e6a00000,0x00000000e6a00000,0x00000000e7980000)
 ParOldGen       total 99840K, used 19640K [0x00000000a0000000, 0x00000000a6180000, 0x00000000e0000000)
  object space 99840K, 19% used [0x00000000a0000000,0x00000000a132e098,0x00000000a6180000)
 Metaspace       used 48054K, capacity 49436K, committed 49536K, reserved 1091584K
  class space    used 6453K, capacity 6775K, committed 6784K, reserved 1048576K
}
Event: 24.586 GC heap before
{Heap before GC invocations=15 (full 2):
 PSYoungGen      total 121344K, used 121313K [0x00000000e0000000, 0x00000000e9300000, 0x0000000100000000)
  eden space 108544K, 100% used [0x00000000e0000000,0x00000000e6a00000,0x00000000e6a00000)
  from space 12800K, 99% used [0x00000000e7980000,0x00000000e85f86f0,0x00000000e8600000)
  to   space 15872K, 0% used [0x00000000e6a00000,0x00000000e6a00000,0x00000000e7980000)
 ParOldGen       total 99840K, used 19640K [0x00000000a0000000, 0x00000000a6180000, 0x00000000e0000000)
  object space 99840K, 19% used [0x00000000a0000000,0x00000000a132e098,0x00000000a6180000)
 Metaspace       used 55214K, capacity 56774K, committed 56960K, reserved 1097728K
  class space    used 7375K, capacity 7706K, committed 7808K, reserved 1048576K
Event: 24.626 GC heap after
Heap after GC invocations=15 (full 2):
 PSYoungGen      total 124416K, used 15853K [0x00000000e0000000, 0x00000000ead80000, 0x0000000100000000)
  eden space 108544K, 0% used [0x00000000e0000000,0x00000000e0000000,0x00000000e6a00000)
  from space 15872K, 99% used [0x00000000e6a00000,0x00000000e797b538,0x00000000e7980000)
  to   space 22528K, 0% used [0x00000000e9780000,0x00000000e9780000,0x00000000ead80000)
 ParOldGen       total 99840K, used 32547K [0x00000000a0000000, 0x00000000a6180000, 0x00000000e0000000)
  object space 99840K, 32% used [0x00000000a0000000,0x00000000a1fc8fd8,0x00000000a6180000)
 Metaspace       used 55214K, capacity 56774K, committed 56960K, reserved 1097728K
  class space    used 7375K, capacity 7706K, committed 7808K, reserved 1048576K
}
Event: 29.187 GC heap before
{Heap before GC invocations=16 (full 2):
 PSYoungGen      total 124416K, used 100287K [0x00000000e0000000, 0x00000000ead80000, 0x0000000100000000)
  eden space 108544K, 77% used [0x00000000e0000000,0x00000000e5274a38,0x00000000e6a00000)
  from space 15872K, 99% used [0x00000000e6a00000,0x00000000e797b538,0x00000000e7980000)
  to   space 22528K, 0% used [0x00000000e9780000,0x00000000e9780000,0x00000000ead80000)
 ParOldGen       total 99840K, used 32547K [0x00000000a0000000, 0x00000000a6180000, 0x00000000e0000000)
  object space 99840K, 32% used [0x00000000a0000000,0x00000000a1fc8fd8,0x00000000a6180000)
 Metaspace       used 57428K, capacity 59020K, committed 59136K, reserved 1099776K
  class space    used 7541K, capacity 7911K, committed 7936K, reserved 1048576K
Event: 29.270 GC heap after
Heap after GC invocations=16 (full 2):
 PSYoungGen      total 147968K, used 22513K [0x00000000e0000000, 0x00000000ebc80000, 0x0000000100000000)
  eden space 125440K, 0% used [0x00000000e0000000,0x00000000e0000000,0x00000000e7a80000)
  from space 22528K, 99% used [0x00000000e9780000,0x00000000ead7c798,0x00000000ead80000)
  to   space 29696K, 0% used [0x00000000e7a80000,0x00000000e7a80000,0x00000000e9780000)
 ParOldGen       total 99840K, used 42231K [0x00000000a0000000, 0x00000000a6180000, 0x00000000e0000000)
  object space 99840K, 42% used [0x00000000a0000000,0x00000000a293dc88,0x00000000a6180000)
 Metaspace       used 57428K, capacity 59020K, committed 59136K, reserved 1099776K
  class space    used 7541K, capacity 7911K, committed 7936K, reserved 1048576K
}
Event: 29.270 GC heap before
{Heap before GC invocations=17 (full 3):
 PSYoungGen      total 147968K, used 22513K [0x00000000e0000000, 0x00000000ebc80000, 0x0000000100000000)
  eden space 125440K, 0% used [0x00000000e0000000,0x00000000e0000000,0x00000000e7a80000)
  from space 22528K, 99% used [0x00000000e9780000,0x00000000ead7c798,0x00000000ead80000)
  to   space 29696K, 0% used [0x00000000e7a80000,0x00000000e7a80000,0x00000000e9780000)
 ParOldGen       total 99840K, used 42231K [0x00000000a0000000, 0x00000000a6180000, 0x00000000e0000000)
  object space 99840K, 42% used [0x00000000a0000000,0x00000000a293dc88,0x00000000a6180000)
 Metaspace       used 57428K, capacity 59020K, committed 59136K, reserved 1099776K
  class space    used 7541K, capacity 7911K, committed 7936K, reserved 1048576K
Event: 29.774 GC heap after
Heap after GC invocations=17 (full 3):
 PSYoungGen      total 147968K, used 0K [0x00000000e0000000, 0x00000000ebc80000, 0x0000000100000000)
  eden space 125440K, 0% used [0x00000000e0000000,0x00000000e0000000,0x00000000e7a80000)
  from space 22528K, 0% used [0x00000000e9780000,0x00000000e9780000,0x00000000ead80000)
  to   space 29696K, 0% used [0x00000000e7a80000,0x00000000e7a80000,0x00000000e9780000)
 ParOldGen       total 167424K, used 43523K [0x00000000a0000000, 0x00000000aa380000, 0x00000000e0000000)
  object space 167424K, 25% used [0x00000000a0000000,0x00000000a2a80ef0,0x00000000aa380000)
 Metaspace       used 57428K, capacity 59020K, committed 59136K, reserved 1099776K
  class space    used 7541K, capacity 7911K, committed 7936K, reserved 1048576K
}

