# JRE version: OpenJDK Runtime Environment (8.0_112-b06) (build 1.8.0_112-release-b06)
# Java VM: OpenJDK 64-Bit Server VM (25.112-b06 mixed mode windows-amd64 compressed oops)
Heap:
 PSYoungGen      total 161792K, used 81572K [0x00000000e0000000, 0x00000000ed180000, 0x0000000100000000)
  eden space 141312K, 57% used [0x00000000e0000000,0x00000000e4fa9390,0x00000000e8a00000)
  from space 20480K, 0% used [0x00000000e8a00000,0x00000000e8a00000,0x00000000e9e00000)
  to   space 23552K, 0% used [0x00000000eba80000,0x00000000eba80000,0x00000000ed180000)
 ParOldGen       total 169472K, used 39240K [0x00000000a0000000, 0x00000000aa580000, 0x00000000e0000000)
  object space 169472K, 23% used [0x00000000a0000000,0x00000000a26521b0,0x00000000aa580000)
 Metaspace       used 60387K, capacity 61968K, committed 62208K, reserved 1103872K
  class space    used 7812K, capacity 8170K, committed 8192K, reserved 1048576K
GC Heap History (10 events):
Event: 12.556 GC heap before
{Heap before GC invocations=10 (full 2):
 PSYoungGen      total 99840K, used 89600K [0x00000000e0000000, 0x00000000e8e80000, 0x0000000100000000)
  eden space 89600K, 100% used [0x00000000e0000000,0x00000000e5780000,0x00000000e5780000)
  from space 10240K, 0% used [0x00000000e5780000,0x00000000e5780000,0x00000000e6180000)
  to   space 12288K, 0% used [0x00000000e8280000,0x00000000e8280000,0x00000000e8e80000)
 ParOldGen       total 109056K, used 17536K [0x00000000a0000000, 0x00000000a6a80000, 0x00000000e0000000)
  object space 109056K, 16% used [0x00000000a0000000,0x00000000a1120380,0x00000000a6a80000)
 Metaspace       used 42600K, capacity 43478K, committed 43904K, reserved 1087488K
  class space    used 5700K, capacity 5895K, committed 6016K, reserved 1048576K
Event: 12.580 GC heap after
Heap after GC invocations=10 (full 2):
 PSYoungGen      total 133120K, used 10371K [0x00000000e0000000, 0x00000000e8f80000, 0x0000000100000000)
  eden space 120832K, 0% used [0x00000000e0000000,0x00000000e0000000,0x00000000e7600000)
  from space 12288K, 84% used [0x00000000e8280000,0x00000000e8ca0ca0,0x00000000e8e80000)
  to   space 12800K, 0% used [0x00000000e7600000,0x00000000e7600000,0x00000000e8280000)
 ParOldGen       total 109056K, used 17544K [0x00000000a0000000, 0x00000000a6a80000, 0x00000000e0000000)
  object space 109056K, 16% used [0x00000000a0000000,0x00000000a1122380,0x00000000a6a80000)
 Metaspace       used 42600K, capacity 43478K, committed 43904K, reserved 1087488K
  class space    used 5700K, capacity 5895K, committed 6016K, reserved 1048576K
}
Event: 15.229 GC heap before
{Heap before GC invocations=11 (full 2):
 PSYoungGen      total 133120K, used 131203K [0x00000000e0000000, 0x00000000e8f80000, 0x0000000100000000)
  eden space 120832K, 100% used [0x00000000e0000000,0x00000000e7600000,0x00000000e7600000)
  from space 12288K, 84% used [0x00000000e8280000,0x00000000e8ca0ca0,0x00000000e8e80000)
  to   space 12800K, 0% used [0x00000000e7600000,0x00000000e7600000,0x00000000e8280000)
 ParOldGen       total 109056K, used 17544K [0x00000000a0000000, 0x00000000a6a80000, 0x00000000e0000000)
  object space 109056K, 16% used [0x00000000a0000000,0x00000000a1122380,0x00000000a6a80000)
 Metaspace       used 45626K, capacity 46670K, committed 46848K, reserved 1089536K
  class space    used 6074K, capacity 6335K, committed 6400K, reserved 1048576K
Event: 15.259 GC heap after
Heap after GC invocations=11 (full 2):
 PSYoungGen      total 133632K, used 12768K [0x00000000e0000000, 0x00000000ead00000, 0x0000000100000000)
  eden space 120832K, 0% used [0x00000000e0000000,0x00000000e0000000,0x00000000e7600000)
  from space 12800K, 99% used [0x00000000e7600000,0x00000000e82780f8,0x00000000e8280000)
  to   space 15360K, 0% used [0x00000000e9e00000,0x00000000e9e00000,0x00000000ead00000)
 ParOldGen       total 109056K, used 19948K [0x00000000a0000000, 0x00000000a6a80000, 0x00000000e0000000)
  object space 109056K, 18% used [0x00000000a0000000,0x00000000a137b380,0x00000000a6a80000)
 Metaspace       used 45626K, capacity 46670K, committed 46848K, reserved 1089536K
  class space    used 6074K, capacity 6335K, committed 6400K, reserved 1048576K
}
Event: 19.583 GC heap before
{Heap before GC invocations=12 (full 2):
 PSYoungGen      total 133632K, used 133600K [0x00000000e0000000, 0x00000000ead00000, 0x0000000100000000)
  eden space 120832K, 100% used [0x00000000e0000000,0x00000000e7600000,0x00000000e7600000)
  from space 12800K, 99% used [0x00000000e7600000,0x00000000e82780f8,0x00000000e8280000)
  to   space 15360K, 0% used [0x00000000e9e00000,0x00000000e9e00000,0x00000000ead00000)
 ParOldGen       total 109056K, used 19948K [0x00000000a0000000, 0x00000000a6a80000, 0x00000000e0000000)
  object space 109056K, 18% used [0x00000000a0000000,0x00000000a137b380,0x00000000a6a80000)
 Metaspace       used 51250K, capacity 52724K, committed 52864K, reserved 1095680K
  class space    used 6899K, capacity 7252K, committed 7296K, reserved 1048576K
Event: 19.618 GC heap after
Heap after GC invocations=12 (full 2):
 PSYoungGen      total 156672K, used 15329K [0x00000000e0000000, 0x00000000eb580000, 0x0000000100000000)
  eden space 141312K, 0% used [0x00000000e0000000,0x00000000e0000000,0x00000000e8a00000)
  from space 15360K, 99% used [0x00000000e9e00000,0x00000000eacf86f0,0x00000000ead00000)
  to   space 20480K, 0% used [0x00000000e8a00000,0x00000000e8a00000,0x00000000e9e00000)
 ParOldGen       total 109056K, used 28494K [0x00000000a0000000, 0x00000000a6a80000, 0x00000000e0000000)
  object space 109056K, 26% used [0x00000000a0000000,0x00000000a1bd38c0,0x00000000a6a80000)
 Metaspace       used 51250K, capacity 52724K, committed 52864K, reserved 1095680K
  class space    used 6899K, capacity 7252K, committed 7296K, reserved 1048576K
}
Event: 24.815 GC heap before
{Heap before GC invocations=13 (full 2):
 PSYoungGen      total 156672K, used 114165K [0x00000000e0000000, 0x00000000eb580000, 0x0000000100000000)
  eden space 141312K, 69% used [0x00000000e0000000,0x00000000e6084d68,0x00000000e8a00000)
  from space 15360K, 99% used [0x00000000e9e00000,0x00000000eacf86f0,0x00000000ead00000)
  to   space 20480K, 0% used [0x00000000e8a00000,0x00000000e8a00000,0x00000000e9e00000)
 ParOldGen       total 109056K, used 28494K [0x00000000a0000000, 0x00000000a6a80000, 0x00000000e0000000)
  object space 109056K, 26% used [0x00000000a0000000,0x00000000a1bd38c0,0x00000000a6a80000)
 Metaspace       used 57375K, capacity 58958K, committed 59136K, reserved 1099776K
  class space    used 7561K, capacity 7913K, committed 7936K, reserved 1048576K
Event: 24.849 GC heap after
Heap after GC invocations=13 (full 2):
 PSYoungGen      total 161792K, used 20479K [0x00000000e0000000, 0x00000000ed180000, 0x0000000100000000)
  eden space 141312K, 0% used [0x00000000e0000000,0x00000000e0000000,0x00000000e8a00000)
  from space 20480K, 99% used [0x00000000e8a00000,0x00000000e9dfffd0,0x00000000e9e00000)
  to   space 23552K, 0% used [0x00000000eba80000,0x00000000eba80000,0x00000000ed180000)
 ParOldGen       total 109056K, used 29804K [0x00000000a0000000, 0x00000000a6a80000, 0x00000000e0000000)
  object space 109056K, 27% used [0x00000000a0000000,0x00000000a1d1b2b8,0x00000000a6a80000)
 Metaspace       used 57375K, capacity 58958K, committed 59136K, reserved 1099776K
  class space    used 7561K, capacity 7913K, committed 7936K, reserved 1048576K
}
Event: 24.849 GC heap before
{Heap before GC invocations=14 (full 3):
 PSYoungGen      total 161792K, used 20479K [0x00000000e0000000, 0x00000000ed180000, 0x0000000100000000)
  eden space 141312K, 0% used [0x00000000e0000000,0x00000000e0000000,0x00000000e8a00000)
  from space 20480K, 99% used [0x00000000e8a00000,0x00000000e9dfffd0,0x00000000e9e00000)
  to   space 23552K, 0% used [0x00000000eba80000,0x00000000eba80000,0x00000000ed180000)
 ParOldGen       total 109056K, used 29804K [0x00000000a0000000, 0x00000000a6a80000, 0x00000000e0000000)
  object space 109056K, 27% used [0x00000000a0000000,0x00000000a1d1b2b8,0x00000000a6a80000)
 Metaspace       used 57375K, capacity 58958K, committed 59136K, reserved 1099776K
  class space    used 7561K, capacity 7913K, committed 7936K, reserved 1048576K
Event: 25.177 GC heap after
Heap after GC invocations=14 (full 3):
 PSYoungGen      total 161792K, used 0K [0x00000000e0000000, 0x00000000ed180000, 0x0000000100000000)
  eden space 141312K, 0% used [0x00000000e0000000,0x00000000e0000000,0x00000000e8a00000)
  from space 20480K, 0% used [0x00000000e8a00000,0x00000000e8a00000,0x00000000e9e00000)
  to   space 23552K, 0% used [0x00000000eba80000,0x00000000eba80000,0x00000000ed180000)
 ParOldGen       total 169472K, used 39240K [0x00000000a0000000, 0x00000000aa580000, 0x00000000e0000000)
  object space 169472K, 23% used [0x00000000a0000000,0x00000000a26521b0,0x00000000aa580000)
 Metaspace       used 57375K, capacity 58958K, committed 59136K, reserved 1099776K
  class space    used 7561K, capacity 7913K, committed 7936K, reserved 1048576K
}

