# JRE version: OpenJDK Runtime Environment (8.0_112-b06) (build 1.8.0_112-release-b06)
# Java VM: OpenJDK 64-Bit Server VM (25.112-b06 mixed mode windows-amd64 compressed oops)
Heap:
 PSYoungGen      total 107008K, used 33714K [0x00000000e0000000, 0x00000000e8d00000, 0x0000000100000000)
  eden space 95232K, 23% used [0x00000000e0000000,0x00000000e15c1730,0x00000000e5d00000)
  from space 11776K, 97% used [0x00000000e5d00000,0x00000000e682b4c8,0x00000000e6880000)
  to   space 12800K, 0% used [0x00000000e8080000,0x00000000e8080000,0x00000000e8d00000)
 ParOldGen       total 92672K, used 14654K [0x00000000a0000000, 0x00000000a5a80000, 0x00000000e0000000)
  object space 92672K, 15% used [0x00000000a0000000,0x00000000a0e4fb30,0x00000000a5a80000)
 Metaspace       used 44905K, capacity 46034K, committed 46208K, reserved 1089536K
  class space    used 6006K, capacity 6246K, committed 6272K, reserved 1048576K
GC Heap History (10 events):
Event: 18.892 GC heap before
{Heap before GC invocations=9 (full 1):
 PSYoungGen      total 59392K, used 54666K [0x00000000e0000000, 0x00000000e5980000, 0x0000000100000000)
  eden space 49152K, 100% used [0x00000000e0000000,0x00000000e3000000,0x00000000e3000000)
  from space 10240K, 53% used [0x00000000e3000000,0x00000000e3562a40,0x00000000e3a00000)
  to   space 9728K, 0% used [0x00000000e5000000,0x00000000e5000000,0x00000000e5980000)
 ParOldGen       total 65024K, used 9170K [0x00000000a0000000, 0x00000000a3f80000, 0x00000000e0000000)
  object space 65024K, 14% used [0x00000000a0000000,0x00000000a08f4a88,0x00000000a3f80000)
 Metaspace       used 33636K, capacity 34150K, committed 34432K, reserved 1079296K
  class space    used 4501K, capacity 4649K, committed 4736K, reserved 1048576K
Event: 18.909 GC heap after
Heap after GC invocations=9 (full 1):
 PSYoungGen      total 80384K, used 9727K [0x00000000e0000000, 0x00000000e5b80000, 0x0000000100000000)
  eden space 70656K, 0% used [0x00000000e0000000,0x00000000e0000000,0x00000000e4500000)
  from space 9728K, 99% used [0x00000000e5000000,0x00000000e597fd90,0x00000000e5980000)
  to   space 11264K, 0% used [0x00000000e4500000,0x00000000e4500000,0x00000000e5000000)
 ParOldGen       total 65024K, used 9257K [0x00000000a0000000, 0x00000000a3f80000, 0x00000000e0000000)
  object space 65024K, 14% used [0x00000000a0000000,0x00000000a090a740,0x00000000a3f80000)
 Metaspace       used 33636K, capacity 34150K, committed 34432K, reserved 1079296K
  class space    used 4501K, capacity 4649K, committed 4736K, reserved 1048576K
}
Event: 19.489 GC heap before
{Heap before GC invocations=10 (full 1):
 PSYoungGen      total 80384K, used 46654K [0x00000000e0000000, 0x00000000e5b80000, 0x0000000100000000)
  eden space 70656K, 52% used [0x00000000e0000000,0x00000000e240fc40,0x00000000e4500000)
  from space 9728K, 99% used [0x00000000e5000000,0x00000000e597fd90,0x00000000e5980000)
  to   space 11264K, 0% used [0x00000000e4500000,0x00000000e4500000,0x00000000e5000000)
 ParOldGen       total 65024K, used 9257K [0x00000000a0000000, 0x00000000a3f80000, 0x00000000e0000000)
  object space 65024K, 14% used [0x00000000a0000000,0x00000000a090a740,0x00000000a3f80000)
 Metaspace       used 34823K, capacity 35382K, committed 35496K, reserved 1079296K
  class space    used 4646K, capacity 4847K, committed 4864K, reserved 1048576K
Event: 19.512 GC heap after
Heap after GC invocations=10 (full 1):
 PSYoungGen      total 81920K, used 8323K [0x00000000e0000000, 0x00000000e7680000, 0x0000000100000000)
  eden space 70656K, 0% used [0x00000000e0000000,0x00000000e0000000,0x00000000e4500000)
  from space 11264K, 73% used [0x00000000e4500000,0x00000000e4d20fc0,0x00000000e5000000)
  to   space 11264K, 0% used [0x00000000e6b80000,0x00000000e6b80000,0x00000000e7680000)
 ParOldGen       total 65024K, used 9265K [0x00000000a0000000, 0x00000000a3f80000, 0x00000000e0000000)
  object space 65024K, 14% used [0x00000000a0000000,0x00000000a090c740,0x00000000a3f80000)
 Metaspace       used 34823K, capacity 35382K, committed 35496K, reserved 1079296K
  class space    used 4646K, capacity 4847K, committed 4864K, reserved 1048576K
}
Event: 19.512 GC heap before
{Heap before GC invocations=11 (full 2):
 PSYoungGen      total 81920K, used 8323K [0x00000000e0000000, 0x00000000e7680000, 0x0000000100000000)
  eden space 70656K, 0% used [0x00000000e0000000,0x00000000e0000000,0x00000000e4500000)
  from space 11264K, 73% used [0x00000000e4500000,0x00000000e4d20fc0,0x00000000e5000000)
  to   space 11264K, 0% used [0x00000000e6b80000,0x00000000e6b80000,0x00000000e7680000)
 ParOldGen       total 65024K, used 9265K [0x00000000a0000000, 0x00000000a3f80000, 0x00000000e0000000)
  object space 65024K, 14% used [0x00000000a0000000,0x00000000a090c740,0x00000000a3f80000)
 Metaspace       used 34823K, capacity 35382K, committed 35496K, reserved 1079296K
  class space    used 4646K, capacity 4847K, committed 4864K, reserved 1048576K
Event: 19.654 GC heap after
Heap after GC invocations=11 (full 2):
 PSYoungGen      total 81920K, used 0K [0x00000000e0000000, 0x00000000e7680000, 0x0000000100000000)
  eden space 70656K, 0% used [0x00000000e0000000,0x00000000e0000000,0x00000000e4500000)
  from space 11264K, 0% used [0x00000000e4500000,0x00000000e4500000,0x00000000e5000000)
  to   space 11264K, 0% used [0x00000000e6b80000,0x00000000e6b80000,0x00000000e7680000)
 ParOldGen       total 92672K, used 14638K [0x00000000a0000000, 0x00000000a5a80000, 0x00000000e0000000)
  object space 92672K, 15% used [0x00000000a0000000,0x00000000a0e4bb30,0x00000000a5a80000)
 Metaspace       used 34823K, capacity 35382K, committed 35496K, reserved 1079296K
  class space    used 4646K, capacity 4847K, committed 4864K, reserved 1048576K
}
Event: 22.364 GC heap before
{Heap before GC invocations=12 (full 2):
 PSYoungGen      total 81920K, used 70656K [0x00000000e0000000, 0x00000000e7680000, 0x0000000100000000)
  eden space 70656K, 100% used [0x00000000e0000000,0x00000000e4500000,0x00000000e4500000)
  from space 11264K, 0% used [0x00000000e4500000,0x00000000e4500000,0x00000000e5000000)
  to   space 11264K, 0% used [0x00000000e6b80000,0x00000000e6b80000,0x00000000e7680000)
 ParOldGen       total 92672K, used 14638K [0x00000000a0000000, 0x00000000a5a80000, 0x00000000e0000000)
  object space 92672K, 15% used [0x00000000a0000000,0x00000000a0e4bb30,0x00000000a5a80000)
 Metaspace       used 42021K, capacity 42804K, committed 43008K, reserved 1087488K
  class space    used 5632K, capacity 5837K, committed 5888K, reserved 1048576K
Event: 22.377 GC heap after
Heap after GC invocations=12 (full 2):
 PSYoungGen      total 101376K, used 8645K [0x00000000e0000000, 0x00000000e7400000, 0x0000000100000000)
  eden space 92672K, 0% used [0x00000000e0000000,0x00000000e0000000,0x00000000e5a80000)
  from space 8704K, 99% used [0x00000000e6b80000,0x00000000e73f1400,0x00000000e7400000)
  to   space 11776K, 0% used [0x00000000e5d00000,0x00000000e5d00000,0x00000000e6880000)
 ParOldGen       total 92672K, used 14646K [0x00000000a0000000, 0x00000000a5a80000, 0x00000000e0000000)
  object space 92672K, 15% used [0x00000000a0000000,0x00000000a0e4db30,0x00000000a5a80000)
 Metaspace       used 42021K, capacity 42804K, committed 43008K, reserved 1087488K
  class space    used 5632K, capacity 5837K, committed 5888K, reserved 1048576K
}
Event: 25.629 GC heap before
{Heap before GC invocations=13 (full 2):
 PSYoungGen      total 101376K, used 101317K [0x00000000e0000000, 0x00000000e7400000, 0x0000000100000000)
  eden space 92672K, 100% used [0x00000000e0000000,0x00000000e5a80000,0x00000000e5a80000)
  from space 8704K, 99% used [0x00000000e6b80000,0x00000000e73f1400,0x00000000e7400000)
  to   space 11776K, 0% used [0x00000000e5d00000,0x00000000e5d00000,0x00000000e6880000)
 ParOldGen       total 92672K, used 14646K [0x00000000a0000000, 0x00000000a5a80000, 0x00000000e0000000)
  object space 92672K, 15% used [0x00000000a0000000,0x00000000a0e4db30,0x00000000a5a80000)
 Metaspace       used 44156K, capacity 45022K, committed 45312K, reserved 1089536K
  class space    used 5880K, capacity 6084K, committed 6144K, reserved 1048576K
Event: 25.640 GC heap after
Heap after GC invocations=13 (full 2):
 PSYoungGen      total 107008K, used 11437K [0x00000000e0000000, 0x00000000e8d00000, 0x0000000100000000)
  eden space 95232K, 0% used [0x00000000e0000000,0x00000000e0000000,0x00000000e5d00000)
  from space 11776K, 97% used [0x00000000e5d00000,0x00000000e682b4c8,0x00000000e6880000)
  to   space 12800K, 0% used [0x00000000e8080000,0x00000000e8080000,0x00000000e8d00000)
 ParOldGen       total 92672K, used 14654K [0x00000000a0000000, 0x00000000a5a80000, 0x00000000e0000000)
  object space 92672K, 15% used [0x00000000a0000000,0x00000000a0e4fb30,0x00000000a5a80000)
 Metaspace       used 44156K, capacity 45022K, committed 45312K, reserved 1089536K
  class space    used 5880K, capacity 6084K, committed 6144K, reserved 1048576K
}

