# JRE version: OpenJDK Runtime Environment (8.0_112-b06) (build 1.8.0_112-release-b06)
# Java VM: OpenJDK 64-Bit Server VM (25.112-b06 mixed mode windows-amd64 compressed oops)
Heap:
 PSYoungGen      total 147456K, used 76265K [0x00000000e0000000, 0x00000000ebe80000, 0x0000000100000000)
  eden space 128512K, 59% used [0x00000000e0000000,0x00000000e4a7a7b8,0x00000000e7d80000)
  from space 18944K, 0% used [0x00000000e7d80000,0x00000000e7d80000,0x00000000e9000000)
  to   space 22528K, 0% used [0x00000000ea880000,0x00000000ea880000,0x00000000ebe80000)
 ParOldGen       total 178688K, used 39339K [0x00000000a0000000, 0x00000000aae80000, 0x00000000e0000000)
  object space 178688K, 22% used [0x00000000a0000000,0x00000000a266af20,0x00000000aae80000)
 Metaspace       used 60312K, capacity 61906K, committed 62208K, reserved 1103872K
  class space    used 7811K, capacity 8168K, committed 8192K, reserved 1048576K
GC Heap History (10 events):
Event: 14.396 GC heap before
{Heap before GC invocations=10 (full 2):
 PSYoungGen      total 96768K, used 86528K [0x00000000e0000000, 0x00000000e8580000, 0x0000000100000000)
  eden space 86528K, 100% used [0x00000000e0000000,0x00000000e5480000,0x00000000e5480000)
  from space 10240K, 0% used [0x00000000e5480000,0x00000000e5480000,0x00000000e5e80000)
  to   space 12288K, 0% used [0x00000000e7980000,0x00000000e7980000,0x00000000e8580000)
 ParOldGen       total 115200K, used 17451K [0x00000000a0000000, 0x00000000a7080000, 0x00000000e0000000)
  object space 115200K, 15% used [0x00000000a0000000,0x00000000a110aff0,0x00000000a7080000)
 Metaspace       used 42615K, capacity 43408K, committed 43648K, reserved 1087488K
  class space    used 5699K, capacity 5893K, committed 6016K, reserved 1048576K
Event: 14.415 GC heap after
Heap after GC invocations=10 (full 2):
 PSYoungGen      total 123904K, used 10369K [0x00000000e0000000, 0x00000000e8800000, 0x0000000100000000)
  eden space 111616K, 0% used [0x00000000e0000000,0x00000000e0000000,0x00000000e6d00000)
  from space 12288K, 84% used [0x00000000e7980000,0x00000000e83a0758,0x00000000e8580000)
  to   space 12800K, 0% used [0x00000000e6d00000,0x00000000e6d00000,0x00000000e7980000)
 ParOldGen       total 115200K, used 17459K [0x00000000a0000000, 0x00000000a7080000, 0x00000000e0000000)
  object space 115200K, 15% used [0x00000000a0000000,0x00000000a110cff0,0x00000000a7080000)
 Metaspace       used 42615K, capacity 43408K, committed 43648K, reserved 1087488K
  class space    used 5699K, capacity 5893K, committed 6016K, reserved 1048576K
}
Event: 17.135 GC heap before
{Heap before GC invocations=11 (full 2):
 PSYoungGen      total 123904K, used 121985K [0x00000000e0000000, 0x00000000e8800000, 0x0000000100000000)
  eden space 111616K, 100% used [0x00000000e0000000,0x00000000e6d00000,0x00000000e6d00000)
  from space 12288K, 84% used [0x00000000e7980000,0x00000000e83a0758,0x00000000e8580000)
  to   space 12800K, 0% used [0x00000000e6d00000,0x00000000e6d00000,0x00000000e7980000)
 ParOldGen       total 115200K, used 17459K [0x00000000a0000000, 0x00000000a7080000, 0x00000000e0000000)
  object space 115200K, 15% used [0x00000000a0000000,0x00000000a110cff0,0x00000000a7080000)
 Metaspace       used 45289K, capacity 46280K, committed 46464K, reserved 1089536K
  class space    used 6025K, capacity 6271K, committed 6272K, reserved 1048576K
Event: 17.166 GC heap after
Heap after GC invocations=11 (full 2):
 PSYoungGen      total 124416K, used 12776K [0x00000000e0000000, 0x00000000e9e80000, 0x0000000100000000)
  eden space 111616K, 0% used [0x00000000e0000000,0x00000000e0000000,0x00000000e6d00000)
  from space 12800K, 99% used [0x00000000e6d00000,0x00000000e797a118,0x00000000e7980000)
  to   space 14848K, 0% used [0x00000000e9000000,0x00000000e9000000,0x00000000e9e80000)
 ParOldGen       total 115200K, used 18765K [0x00000000a0000000, 0x00000000a7080000, 0x00000000e0000000)
  object space 115200K, 16% used [0x00000000a0000000,0x00000000a1253560,0x00000000a7080000)
 Metaspace       used 45289K, capacity 46280K, committed 46464K, reserved 1089536K
  class space    used 6025K, capacity 6271K, committed 6272K, reserved 1048576K
}
Event: 20.994 GC heap before
{Heap before GC invocations=12 (full 2):
 PSYoungGen      total 124416K, used 124392K [0x00000000e0000000, 0x00000000e9e80000, 0x0000000100000000)
  eden space 111616K, 100% used [0x00000000e0000000,0x00000000e6d00000,0x00000000e6d00000)
  from space 12800K, 99% used [0x00000000e6d00000,0x00000000e797a118,0x00000000e7980000)
  to   space 14848K, 0% used [0x00000000e9000000,0x00000000e9000000,0x00000000e9e80000)
 ParOldGen       total 115200K, used 18765K [0x00000000a0000000, 0x00000000a7080000, 0x00000000e0000000)
  object space 115200K, 16% used [0x00000000a0000000,0x00000000a1253560,0x00000000a7080000)
 Metaspace       used 50833K, capacity 52318K, committed 52608K, reserved 1095680K
  class space    used 6841K, capacity 7182K, committed 7296K, reserved 1048576K
Event: 21.023 GC heap after
Heap after GC invocations=12 (full 2):
 PSYoungGen      total 143360K, used 14820K [0x00000000e0000000, 0x00000000ea580000, 0x0000000100000000)
  eden space 128512K, 0% used [0x00000000e0000000,0x00000000e0000000,0x00000000e7d80000)
  from space 14848K, 99% used [0x00000000e9000000,0x00000000e9e793b8,0x00000000e9e80000)
  to   space 18944K, 0% used [0x00000000e7d80000,0x00000000e7d80000,0x00000000e9000000)
 ParOldGen       total 115200K, used 25689K [0x00000000a0000000, 0x00000000a7080000, 0x00000000e0000000)
  object space 115200K, 22% used [0x00000000a0000000,0x00000000a19165f8,0x00000000a7080000)
 Metaspace       used 50833K, capacity 52318K, committed 52608K, reserved 1095680K
  class space    used 6841K, capacity 7182K, committed 7296K, reserved 1048576K
}
Event: 26.606 GC heap before
{Heap before GC invocations=13 (full 2):
 PSYoungGen      total 143360K, used 128416K [0x00000000e0000000, 0x00000000ea580000, 0x0000000100000000)
  eden space 128512K, 88% used [0x00000000e0000000,0x00000000e6eeef38,0x00000000e7d80000)
  from space 14848K, 99% used [0x00000000e9000000,0x00000000e9e793b8,0x00000000e9e80000)
  to   space 18944K, 0% used [0x00000000e7d80000,0x00000000e7d80000,0x00000000e9000000)
 ParOldGen       total 115200K, used 25689K [0x00000000a0000000, 0x00000000a7080000, 0x00000000e0000000)
  object space 115200K, 22% used [0x00000000a0000000,0x00000000a19165f8,0x00000000a7080000)
 Metaspace       used 57322K, capacity 58960K, committed 59136K, reserved 1099776K
  class space    used 7563K, capacity 7911K, committed 7936K, reserved 1048576K
Event: 26.640 GC heap after
Heap after GC invocations=13 (full 2):
 PSYoungGen      total 147456K, used 18943K [0x00000000e0000000, 0x00000000ebe80000, 0x0000000100000000)
  eden space 128512K, 0% used [0x00000000e0000000,0x00000000e0000000,0x00000000e7d80000)
  from space 18944K, 99% used [0x00000000e7d80000,0x00000000e8ffffd0,0x00000000e9000000)
  to   space 22528K, 0% used [0x00000000ea880000,0x00000000ea880000,0x00000000ebe80000)
 ParOldGen       total 115200K, used 28456K [0x00000000a0000000, 0x00000000a7080000, 0x00000000e0000000)
  object space 115200K, 24% used [0x00000000a0000000,0x00000000a1bca3c8,0x00000000a7080000)
 Metaspace       used 57322K, capacity 58960K, committed 59136K, reserved 1099776K
  class space    used 7563K, capacity 7911K, committed 7936K, reserved 1048576K
}
Event: 26.640 GC heap before
{Heap before GC invocations=14 (full 3):
 PSYoungGen      total 147456K, used 18943K [0x00000000e0000000, 0x00000000ebe80000, 0x0000000100000000)
  eden space 128512K, 0% used [0x00000000e0000000,0x00000000e0000000,0x00000000e7d80000)
  from space 18944K, 99% used [0x00000000e7d80000,0x00000000e8ffffd0,0x00000000e9000000)
  to   space 22528K, 0% used [0x00000000ea880000,0x00000000ea880000,0x00000000ebe80000)
 ParOldGen       total 115200K, used 28456K [0x00000000a0000000, 0x00000000a7080000, 0x00000000e0000000)
  object space 115200K, 24% used [0x00000000a0000000,0x00000000a1bca3c8,0x00000000a7080000)
 Metaspace       used 57322K, capacity 58960K, committed 59136K, reserved 1099776K
  class space    used 7563K, capacity 7911K, committed 7936K, reserved 1048576K
Event: 26.934 GC heap after
Heap after GC invocations=14 (full 3):
 PSYoungGen      total 147456K, used 0K [0x00000000e0000000, 0x00000000ebe80000, 0x0000000100000000)
  eden space 128512K, 0% used [0x00000000e0000000,0x00000000e0000000,0x00000000e7d80000)
  from space 18944K, 0% used [0x00000000e7d80000,0x00000000e7d80000,0x00000000e9000000)
  to   space 22528K, 0% used [0x00000000ea880000,0x00000000ea880000,0x00000000ebe80000)
 ParOldGen       total 178688K, used 39339K [0x00000000a0000000, 0x00000000aae80000, 0x00000000e0000000)
  object space 178688K, 22% used [0x00000000a0000000,0x00000000a266af20,0x00000000aae80000)
 Metaspace       used 57322K, capacity 58960K, committed 59136K, reserved 1099776K
  class space    used 7563K, capacity 7911K, committed 7936K, reserved 1048576K
}

