# JRE version: OpenJDK Runtime Environment (8.0_112-b06) (build 1.8.0_112-release-b06)
# Java VM: OpenJDK 64-Bit Server VM (25.112-b06 mixed mode windows-amd64 compressed oops)
Heap:
 PSYoungGen      total 102912K, used 80120K [0x00000000e0000000, 0x00000000e8e00000, 0x0000000100000000)
  eden space 89600K, 74% used [0x00000000e0000000,0x00000000e4145898,0x00000000e5780000)
  from space 13312K, 99% used [0x00000000e5780000,0x00000000e64788e8,0x00000000e6480000)
  to   space 17408K, 0% used [0x00000000e7d00000,0x00000000e7d00000,0x00000000e8e00000)
 ParOldGen       total 109568K, used 22195K [0x00000000a0000000, 0x00000000a6b00000, 0x00000000e0000000)
  object space 109568K, 20% used [0x00000000a0000000,0x00000000a15acfd8,0x00000000a6b00000)
 Metaspace       used 55035K, capacity 56616K, committed 56960K, reserved 1097728K
  class space    used 7390K, capacity 7740K, committed 7808K, reserved 1048576K
GC Heap History (10 events):
Event: 12.914 GC heap before
{Heap before GC invocations=11 (full 2):
 PSYoungGen      total 69632K, used 9268K [0x00000000e0000000, 0x00000000e5d00000, 0x0000000100000000)
  eden space 58880K, 0% used [0x00000000e0000000,0x00000000e0000000,0x00000000e3980000)
  from space 10752K, 86% used [0x00000000e3980000,0x00000000e428d3c0,0x00000000e4400000)
  to   space 11264K, 0% used [0x00000000e5200000,0x00000000e5200000,0x00000000e5d00000)
 ParOldGen       total 70144K, used 9452K [0x00000000a0000000, 0x00000000a4480000, 0x00000000e0000000)
  object space 70144K, 13% used [0x00000000a0000000,0x00000000a093b038,0x00000000a4480000)
 Metaspace       used 34795K, capacity 35306K, committed 35496K, reserved 1079296K
  class space    used 4637K, capacity 4781K, committed 4864K, reserved 1048576K
Event: 13.031 GC heap after
Heap after GC invocations=11 (full 2):
 PSYoungGen      total 69632K, used 0K [0x00000000e0000000, 0x00000000e5d00000, 0x0000000100000000)
  eden space 58880K, 0% used [0x00000000e0000000,0x00000000e0000000,0x00000000e3980000)
  from space 10752K, 0% used [0x00000000e3980000,0x00000000e3980000,0x00000000e4400000)
  to   space 11264K, 0% used [0x00000000e5200000,0x00000000e5200000,0x00000000e5d00000)
 ParOldGen       total 109568K, used 15504K [0x00000000a0000000, 0x00000000a6b00000, 0x00000000e0000000)
  object space 109568K, 14% used [0x00000000a0000000,0x00000000a0f240d8,0x00000000a6b00000)
 Metaspace       used 34795K, capacity 35306K, committed 35496K, reserved 1079296K
  class space    used 4637K, capacity 4781K, committed 4864K, reserved 1048576K
}
Event: 14.082 GC heap before
{Heap before GC invocations=12 (full 2):
 PSYoungGen      total 69632K, used 58880K [0x00000000e0000000, 0x00000000e5d00000, 0x0000000100000000)
  eden space 58880K, 100% used [0x00000000e0000000,0x00000000e3980000,0x00000000e3980000)
  from space 10752K, 0% used [0x00000000e3980000,0x00000000e3980000,0x00000000e4400000)
  to   space 11264K, 0% used [0x00000000e5200000,0x00000000e5200000,0x00000000e5d00000)
 ParOldGen       total 109568K, used 15504K [0x00000000a0000000, 0x00000000a6b00000, 0x00000000e0000000)
  object space 109568K, 14% used [0x00000000a0000000,0x00000000a0f240d8,0x00000000a6b00000)
 Metaspace       used 37640K, capacity 38414K, committed 38784K, reserved 1083392K
  class space    used 5009K, capacity 5205K, committed 5248K, reserved 1048576K
Event: 14.101 GC heap after
Heap after GC invocations=12 (full 2):
 PSYoungGen      total 83968K, used 7436K [0x00000000e0000000, 0x00000000e5e80000, 0x0000000100000000)
  eden space 72704K, 0% used [0x00000000e0000000,0x00000000e0000000,0x00000000e4700000)
  from space 11264K, 66% used [0x00000000e5200000,0x00000000e5943138,0x00000000e5d00000)
  to   space 11264K, 0% used [0x00000000e4700000,0x00000000e4700000,0x00000000e5200000)
 ParOldGen       total 109568K, used 15512K [0x00000000a0000000, 0x00000000a6b00000, 0x00000000e0000000)
  object space 109568K, 14% used [0x00000000a0000000,0x00000000a0f260d8,0x00000000a6b00000)
 Metaspace       used 37640K, capacity 38414K, committed 38784K, reserved 1083392K
  class space    used 5009K, capacity 5205K, committed 5248K, reserved 1048576K
}
Event: 16.750 GC heap before
{Heap before GC invocations=13 (full 2):
 PSYoungGen      total 83968K, used 80140K [0x00000000e0000000, 0x00000000e5e80000, 0x0000000100000000)
  eden space 72704K, 100% used [0x00000000e0000000,0x00000000e4700000,0x00000000e4700000)
  from space 11264K, 66% used [0x00000000e5200000,0x00000000e5943138,0x00000000e5d00000)
  to   space 11264K, 0% used [0x00000000e4700000,0x00000000e4700000,0x00000000e5200000)
 ParOldGen       total 109568K, used 15512K [0x00000000a0000000, 0x00000000a6b00000, 0x00000000e0000000)
  object space 109568K, 14% used [0x00000000a0000000,0x00000000a0f260d8,0x00000000a6b00000)
 Metaspace       used 42994K, capacity 43844K, committed 44160K, reserved 1087488K
  class space    used 5733K, capacity 5918K, committed 6016K, reserved 1048576K
Event: 16.767 GC heap after
Heap after GC invocations=13 (full 2):
 PSYoungGen      total 83968K, used 10659K [0x00000000e0000000, 0x00000000e7080000, 0x0000000100000000)
  eden space 72704K, 0% used [0x00000000e0000000,0x00000000e0000000,0x00000000e4700000)
  from space 11264K, 94% used [0x00000000e4700000,0x00000000e5168f08,0x00000000e5200000)
  to   space 12288K, 0% used [0x00000000e6480000,0x00000000e6480000,0x00000000e7080000)
 ParOldGen       total 109568K, used 15520K [0x00000000a0000000, 0x00000000a6b00000, 0x00000000e0000000)
  object space 109568K, 14% used [0x00000000a0000000,0x00000000a0f280d8,0x00000000a6b00000)
 Metaspace       used 42994K, capacity 43844K, committed 44160K, reserved 1087488K
  class space    used 5733K, capacity 5918K, committed 6016K, reserved 1048576K
}
Event: 19.570 GC heap before
{Heap before GC invocations=14 (full 2):
 PSYoungGen      total 83968K, used 83363K [0x00000000e0000000, 0x00000000e7080000, 0x0000000100000000)
  eden space 72704K, 100% used [0x00000000e0000000,0x00000000e4700000,0x00000000e4700000)
  from space 11264K, 94% used [0x00000000e4700000,0x00000000e5168f08,0x00000000e5200000)
  to   space 12288K, 0% used [0x00000000e6480000,0x00000000e6480000,0x00000000e7080000)
 ParOldGen       total 109568K, used 15520K [0x00000000a0000000, 0x00000000a6b00000, 0x00000000e0000000)
  object space 109568K, 14% used [0x00000000a0000000,0x00000000a0f280d8,0x00000000a6b00000)
 Metaspace       used 45265K, capacity 46236K, committed 46592K, reserved 1089536K
  class space    used 6025K, capacity 6274K, committed 6400K, reserved 1048576K
Event: 19.601 GC heap after
Heap after GC invocations=14 (full 2):
 PSYoungGen      total 101888K, used 12279K [0x00000000e0000000, 0x00000000e7300000, 0x0000000100000000)
  eden space 89600K, 0% used [0x00000000e0000000,0x00000000e0000000,0x00000000e5780000)
  from space 12288K, 99% used [0x00000000e6480000,0x00000000e707dfa0,0x00000000e7080000)
  to   space 13312K, 0% used [0x00000000e5780000,0x00000000e5780000,0x00000000e6480000)
 ParOldGen       total 109568K, used 15582K [0x00000000a0000000, 0x00000000a6b00000, 0x00000000e0000000)
  object space 109568K, 14% used [0x00000000a0000000,0x00000000a0f37890,0x00000000a6b00000)
 Metaspace       used 45265K, capacity 46236K, committed 46592K, reserved 1089536K
  class space    used 6025K, capacity 6274K, committed 6400K, reserved 1048576K
}
Event: 23.014 GC heap before
{Heap before GC invocations=15 (full 2):
 PSYoungGen      total 101888K, used 101879K [0x00000000e0000000, 0x00000000e7300000, 0x0000000100000000)
  eden space 89600K, 100% used [0x00000000e0000000,0x00000000e5780000,0x00000000e5780000)
  from space 12288K, 99% used [0x00000000e6480000,0x00000000e707dfa0,0x00000000e7080000)
  to   space 13312K, 0% used [0x00000000e5780000,0x00000000e5780000,0x00000000e6480000)
 ParOldGen       total 109568K, used 15582K [0x00000000a0000000, 0x00000000a6b00000, 0x00000000e0000000)
  object space 109568K, 14% used [0x00000000a0000000,0x00000000a0f37890,0x00000000a6b00000)
 Metaspace       used 50638K, capacity 52128K, committed 52352K, reserved 1093632K
  class space    used 6833K, capacity 7184K, committed 7296K, reserved 1048576K
Event: 23.036 GC heap after
Heap after GC invocations=15 (full 2):
 PSYoungGen      total 102912K, used 13282K [0x00000000e0000000, 0x00000000e8e00000, 0x0000000100000000)
  eden space 89600K, 0% used [0x00000000e0000000,0x00000000e0000000,0x00000000e5780000)
  from space 13312K, 99% used [0x00000000e5780000,0x00000000e64788e8,0x00000000e6480000)
  to   space 17408K, 0% used [0x00000000e7d00000,0x00000000e7d00000,0x00000000e8e00000)
 ParOldGen       total 109568K, used 22195K [0x00000000a0000000, 0x00000000a6b00000, 0x00000000e0000000)
  object space 109568K, 20% used [0x00000000a0000000,0x00000000a15acfd8,0x00000000a6b00000)
 Metaspace       used 50638K, capacity 52128K, committed 52352K, reserved 1093632K
  class space    used 6833K, capacity 7184K, committed 7296K, reserved 1048576K
}

